
> event-manager-backend@1.0.0 build
> tsc

src/controllers/CustomFieldController.ts(183,9): error TS2353: Object literal may only specify known properties, and 'customFieldId' does not exist in type 'SetCustomFieldValueDTO'.
src/controllers/customFieldsController.ts(32,24): error TS2693: 'CustomFieldType' only refers to a type, but is being used as a value here.
src/controllers/customFieldsController.ts(35,71): error TS2693: 'CustomFieldType' only refers to a type, but is being used as a value here.
src/controllers/customFieldsController.ts(211,7): error TS2353: Object literal may only specify known properties, and 'customFieldId' does not exist in type 'SetCustomFieldValueDTO'.
src/controllers/databaseBrowserController.ts(74,11): error TS2322: Type '{ query: any; }' is not assignable to type 'string'.
src/controllers/eventsLogController.ts(54,7): error TS2322: Type '{ deliveries: { orderBy: { createdAt: string; }; take: number; }; }' is not assignable to type 'never'.
src/controllers/fileController.ts(103,13): error TS2322: Type '{ filename: string; originalName: string; mimeType: string; size: number; path: string; category: any; uploadedBy: string; isPublic: boolean; eventId: any; contestId: any; categoryId: any; }' is not assignable to type '(Without<FileCreateInput, FileUncheckedCreateInput> & FileUncheckedCreateInput) | (Without<...> & FileCreateInput)'.
  Type '{ filename: string; originalName: string; mimeType: string; size: number; path: string; category: any; uploadedBy: string; isPublic: boolean; eventId: any; contestId: any; categoryId: any; }' is not assignable to type 'Without<FileUncheckedCreateInput, FileCreateInput> & FileCreateInput'.
    Type '{ filename: string; originalName: string; mimeType: string; size: number; path: string; category: any; uploadedBy: string; isPublic: boolean; eventId: any; contestId: any; categoryId: any; }' is not assignable to type 'Without<FileUncheckedCreateInput, FileCreateInput>'.
      Types of property 'eventId' are incompatible.
        Type 'any' is not assignable to type 'never'.
src/controllers/fileController.ts(139,11): error TS2353: Object literal may only specify known properties, and 'user' does not exist in type 'FileInclude<DefaultArgs>'.
src/controllers/fileController.ts(260,9): error TS2322: Type '{ filename: string; originalName: string; mimeType: string; size: number; path: string; category: any; uploadedBy: string; isPublic: boolean; eventId: any; metadata: string; }' is not assignable to type '(Without<FileCreateInput, FileUncheckedCreateInput> & FileUncheckedCreateInput) | (Without<...> & FileCreateInput)'.
  Type '{ filename: string; originalName: string; mimeType: string; size: number; path: string; category: any; uploadedBy: string; isPublic: boolean; eventId: any; metadata: string; }' is not assignable to type 'Without<FileUncheckedCreateInput, FileCreateInput> & FileCreateInput'.
    Type '{ filename: string; originalName: string; mimeType: string; size: number; path: string; category: any; uploadedBy: string; isPublic: boolean; eventId: any; metadata: string; }' is not assignable to type 'Without<FileUncheckedCreateInput, FileCreateInput>'.
      Types of property 'eventId' are incompatible.
        Type 'any' is not assignable to type 'never'.
src/controllers/judgeUncertificationController.ts(227,11): error TS2322: Type '{ judge: { select: { id: true; name: true; }; }; category: { select: { id: true; name: true; }; }; requestedByUser: { select: { id: true; name: true; role: true; }; }; approvedByUser: { select: { id: true; name: true; role: true; }; }; rejectedByUser: { ...; }; }' is not assignable to type 'never'.
src/middleware/errorHandler.ts(47,17): error TS2322: Type '{ method: string; path: string; timestamp: string; body: Record<string, any>; query: QueryString.ParsedQs; params: ParamsDictionary; }' is not assignable to type 'string'.
src/routes/reportsRoutes.ts(97,7): error TS2322: Type '{ template: true; generatedBy: { select: { id: true; name: true; preferredName: true; email: true; }; }; }' is not assignable to type 'never'.
src/routes/reportsRoutes.ts(117,86): error TS2339: Property 'trim' does not exist on type 'string | number | true | JsonObject | JsonArray'.
  Property 'trim' does not exist on type 'number'.
src/routes/reportsRoutes.ts(118,33): error TS2345: Argument of type 'string | number | true | JsonObject | JsonArray' is not assignable to parameter of type 'string'.
  Type 'number' is not assignable to type 'string'.
src/routes/reportsRoutes.ts(130,39): error TS2339: Property 'substring' does not exist on type 'JsonValue'.
  Property 'substring' does not exist on type 'number'.
src/routes/reportsRoutes.ts(144,44): error TS2339: Property 'preferredName' does not exist on type 'never'.
src/routes/reportsRoutes.ts(144,88): error TS2339: Property 'name' does not exist on type 'never'.
src/routes/reportsRoutes.ts(145,45): error TS2339: Property 'email' does not exist on type 'never'.
src/services/AuthService.ts(116,11): error TS2322: Type '{ timestamp: string; email: string; }' is not assignable to type 'string'.
src/services/CategoryTypeService.ts(28,9): error TS18004: No value exists in scope for the shorthand property 'tenantId'. Either declare one or provide an initializer.
src/services/DRAutomationService.ts(499,9): error TS2322: Type '{ tenantId: string; testType: string; backupId: string; status: string; automatedTest: true; }' is not assignable to type '(Without<DRTestLogCreateInput, DRTestLogUncheckedCreateInput> & DRTestLogUncheckedCreateInput) | (Without<...> & DRTestLogCreateInput)'.
  Type '{ tenantId: string; testType: string; backupId: string; status: string; automatedTest: true; }' is not assignable to type 'Without<DRTestLogUncheckedCreateInput, DRTestLogCreateInput> & DRTestLogCreateInput'.
    Property 'startedAt' is missing in type '{ tenantId: string; testType: string; backupId: string; status: string; automatedTest: true; }' but required in type 'DRTestLogCreateInput'.
src/services/DRAutomationService.ts(802,9): error TS2322: Type '{ tenantId: string; metricType: string; value: number; unit: string; metadata: any; }' is not assignable to type '(Without<DRMetricCreateInput, DRMetricUncheckedCreateInput> & DRMetricUncheckedCreateInput) | (Without<...> & DRMetricCreateInput)'.
  Type '{ tenantId: string; metricType: string; value: number; unit: string; metadata: any; }' is not assignable to type 'Without<DRMetricUncheckedCreateInput, DRMetricCreateInput> & DRMetricCreateInput'.
    Property 'metricName' is missing in type '{ tenantId: string; metricType: string; value: number; unit: string; metadata: any; }' but required in type 'DRMetricCreateInput'.
src/services/DeductionService.ts(165,7): error TS2554: Expected 3-4 arguments, but got 6.
src/services/EmailTemplateService.ts(69,9): error TS2322: Type '{ name: string; subject: string; body: string; type: string; eventId: string; variables: string; headerHtml: string; footerHtml: string; logoUrl: string; logoPosition: string; backgroundColor: string; ... 11 more ...; createdBy: string; }' is not assignable to type '(Without<EmailTemplateCreateInput, EmailTemplateUncheckedCreateInput> & EmailTemplateUncheckedCreateInput) | (Without<...> & EmailTemplateCreateInput)'.
  Type '{ name: string; subject: string; body: string; type: string; eventId: string; variables: string; headerHtml: string; footerHtml: string; logoUrl: string; logoPosition: string; backgroundColor: string; ... 11 more ...; createdBy: string; }' is not assignable to type 'Without<EmailTemplateUncheckedCreateInput, EmailTemplateCreateInput> & EmailTemplateCreateInput'.
    Type '{ name: string; subject: string; body: string; type: string; eventId: string; variables: string; headerHtml: string; footerHtml: string; logoUrl: string; logoPosition: string; backgroundColor: string; ... 11 more ...; createdBy: string; }' is not assignable to type 'Without<EmailTemplateUncheckedCreateInput, EmailTemplateCreateInput>'.
      Types of property 'createdBy' are incompatible.
        Type 'string' is not assignable to type 'never'.
src/services/EmailTemplateService.ts(391,52): error TS2345: Argument of type 'string | number | true | JsonObject | JsonArray' is not assignable to parameter of type 'string'.
  Type 'number' is not assignable to type 'string'.
src/services/JudgeService.ts(87,7): error TS2322: Type '{ category: true; contest: true; event: true; judge: { include: { users: { select: { id: true; name: true; preferredName: true; email: true; }; }; }; }; }' is not assignable to type 'never'.
src/services/JudgeService.ts(139,7): error TS2322: Type '{ category: true; contest: true; event: true; judge: { include: { users: { select: { id: true; name: true; preferredName: true; email: true; }; }; }; }; }' is not assignable to type 'never'.
src/services/PerformanceService.ts(84,11): error TS2353: Object literal may only specify known properties, and 'contestId' does not exist in type '(Without<PerformanceLogCreateInput, PerformanceLogUncheckedCreateInput> & PerformanceLogUncheckedCreateInput) | (Without<...> & PerformanceLogCreateInput)'.
src/services/PerformanceService.ts(313,7): error TS2322: Type '{ user: { select: { id: true; name: true; preferredName: true; email: true; role: true; }; }; }' is not assignable to type 'never'.
src/services/ReportInstanceService.ts(49,11): error TS2353: Object literal may only specify known properties, and 'templateId' does not exist in type '(Without<ReportInstanceCreateInput, ReportInstanceUncheckedCreateInput> & ReportInstanceUncheckedCreateInput) | (Without<...> & ReportInstanceCreateInput)'.
src/services/ReportInstanceService.ts(95,9): error TS2322: Type '{ generatedBy: { select: { id: true; name: true; email: true; }; }; }' is not assignable to type 'never'.
src/services/ReportInstanceService.ts(120,9): error TS2322: Type '{ generatedBy: { select: { id: true; name: true; email: true; }; }; }' is not assignable to type 'never'.
src/services/ReportInstanceService.ts(222,9): error TS2322: Type '{ generatedBy: { select: { id: true; name: true; }; }; }' is not assignable to type 'never'.
src/services/ReportInstanceService.ts(246,44): error TS2339: Property 'id' does not exist on type 'never'.
src/services/ReportInstanceService.ts(249,42): error TS2339: Property 'name' does not exist on type 'never'.
src/services/RestrictionService.ts(119,19): error TS2339: Property 'contestantViewRestricted' does not exist on type '{ event: { name: string; id: string; tenantId: string; createdAt: Date; updatedAt: Date; description: string; startDate: Date; endDate: Date; location: string; maxContestants: number; ... 6 more ...; archived: boolean; }; } & { ...; }'.
src/services/RestrictionService.ts(120,21): error TS2339: Property 'contestantViewReleaseDate' does not exist on type '{ event: { name: string; id: string; tenantId: string; createdAt: Date; updatedAt: Date; description: string; startDate: Date; endDate: Date; location: string; maxContestants: number; ... 6 more ...; archived: boolean; }; } & { ...; }'.
src/services/RestrictionService.ts(121,40): error TS2339: Property 'contestantViewReleaseDate' does not exist on type '{ event: { name: string; id: string; tenantId: string; createdAt: Date; updatedAt: Date; description: string; startDate: Date; endDate: Date; location: string; maxContestants: number; ... 6 more ...; archived: boolean; }; } & { ...; }'.
src/services/RoleAssignmentService.ts(45,7): error TS2322: Type '{ user: { select: { id: true; name: true; preferredName: true; email: true; role: true; }; }; contest: { select: { id: true; name: true; }; }; event: { select: { id: true; name: true; }; }; category: { select: { id: true; name: true; }; }; }' is not assignable to type 'never'.
src/services/RoleAssignmentService.ts(93,9): error TS2353: Object literal may only specify known properties, and 'notes' does not exist in type '(Without<RoleAssignmentCreateInput, RoleAssignmentUncheckedCreateInput> & RoleAssignmentUncheckedCreateInput) | (Without<...> & RoleAssignmentCreateInput)'.
src/services/RoleAssignmentService.ts(115,7): error TS2322: Type '{ user: { select: { id: true; name: true; preferredName: true; email: true; role: true; }; }; contest: { select: { id: true; name: true; }; }; event: { select: { id: true; name: true; }; }; category: { select: { id: true; name: true; }; }; }' is not assignable to type 'never'.
src/services/SMSService.ts(67,11): error TS2559: Type 'string' has no properties in common with type 'UserUpdateOneWithoutUpdatedSettingsNestedInput'.
src/services/SMSService.ts(74,11): error TS2559: Type 'string' has no properties in common with type 'UserCreateNestedOneWithoutUpdatedSettingsInput'.
src/services/ScoreFileService.ts(112,7): error TS2322: Type '{ category: true; judge: true; contestant: true; uploadedBy: { select: { id: true; name: true; email: true; }; }; }' is not assignable to type 'never'.
src/services/ScoreFileService.ts(133,7): error TS2322: Type '{ judge: true; contestant: true; uploadedBy: { select: { id: true; name: true; email: true; }; }; }' is not assignable to type 'never'.
src/services/ScoreFileService.ts(154,7): error TS2322: Type '{ category: true; contestant: true; uploadedBy: { select: { id: true; name: true; email: true; }; }; }' is not assignable to type 'never'.
src/services/ScoreFileService.ts(175,7): error TS2322: Type '{ category: true; judge: true; uploadedBy: { select: { id: true; name: true; email: true; }; }; }' is not assignable to type 'never'.
src/services/ScoreFileService.ts(280,7): error TS2322: Type '{ category: true; judge: true; contestant: true; uploadedBy: { select: { id: true; name: true; email: true; }; }; }' is not assignable to type 'never'.
src/services/SearchService.ts(13,8): error TS2307: Cannot find module '../repositories/SearchRepository' or its corresponding type declarations.
src/services/SettingsService.ts(107,11): error TS2559: Type 'string' has no properties in common with type 'UserUpdateOneWithoutUpdatedSettingsNestedInput'.
src/services/SettingsService.ts(114,11): error TS2559: Type 'string' has no properties in common with type 'UserCreateNestedOneWithoutUpdatedSettingsInput'.
src/services/SettingsService.ts(141,7): error TS2322: Type '{ settingKey: string; settingValue: string; category: string; description: string; updatedById: string; }' is not assignable to type '(Without<SystemSettingCreateInput, SystemSettingUncheckedCreateInput> & SystemSettingUncheckedCreateInput) | (Without<...> & SystemSettingCreateInput)'.
  Type '{ settingKey: string; settingValue: string; category: string; description: string; updatedById: string; }' is not assignable to type 'Without<SystemSettingUncheckedCreateInput, SystemSettingCreateInput> & SystemSettingCreateInput'.
    Type '{ settingKey: string; settingValue: string; category: string; description: string; updatedById: string; }' is not assignable to type 'Without<SystemSettingUncheckedCreateInput, SystemSettingCreateInput>'.
      Types of property 'updatedById' are incompatible.
        Type 'string' is not assignable to type 'never'.
src/services/TenantService.ts(354,15): error TS2561: Object literal may only specify known properties, but 'contest' does not exist in type 'FileWhereInput'. Did you mean to write 'contestId'?
src/services/TenantService.ts(355,15): error TS2561: Object literal may only specify known properties, but 'categoryRef' does not exist in type 'FileWhereInput'. Did you mean to write 'category'?
src/services/TestEventSetupService.ts(152,13): error TS2322: Type '{ userId: string; role: string; contestId: string; eventId: string; assignedBy: string; isActive: true; }' is not assignable to type '(Without<RoleAssignmentCreateInput, RoleAssignmentUncheckedCreateInput> & RoleAssignmentUncheckedCreateInput) | (Without<...> & RoleAssignmentCreateInput)'.
  Type '{ userId: string; role: string; contestId: string; eventId: string; assignedBy: string; isActive: true; }' is not assignable to type 'Without<RoleAssignmentUncheckedCreateInput, RoleAssignmentCreateInput> & RoleAssignmentCreateInput'.
    Property 'tenantId' is missing in type '{ userId: string; role: string; contestId: string; eventId: string; assignedBy: string; isActive: true; }' but required in type 'RoleAssignmentCreateInput'.
src/services/TestEventSetupService.ts(180,13): error TS2322: Type '{ userId: string; role: string; contestId: string; eventId: string; assignedBy: string; isActive: true; }' is not assignable to type '(Without<RoleAssignmentCreateInput, RoleAssignmentUncheckedCreateInput> & RoleAssignmentUncheckedCreateInput) | (Without<...> & RoleAssignmentCreateInput)'.
  Type '{ userId: string; role: string; contestId: string; eventId: string; assignedBy: string; isActive: true; }' is not assignable to type 'Without<RoleAssignmentUncheckedCreateInput, RoleAssignmentCreateInput> & RoleAssignmentCreateInput'.
    Property 'tenantId' is missing in type '{ userId: string; role: string; contestId: string; eventId: string; assignedBy: string; isActive: true; }' but required in type 'RoleAssignmentCreateInput'.
src/services/UploadService.ts(71,7): error TS2322: Type '{ filename: string; originalName: string; mimeType: string; size: number; path: string; category: $Enums.FileCategory; uploadedBy: string; checksum: string; eventId: string; contestId: string; categoryId: string; }' is not assignable to type '(Without<FileCreateInput, FileUncheckedCreateInput> & FileUncheckedCreateInput) | (Without<...> & FileCreateInput)'.
  Type '{ filename: string; originalName: string; mimeType: string; size: number; path: string; category: $Enums.FileCategory; uploadedBy: string; checksum: string; eventId: string; contestId: string; categoryId: string; }' is not assignable to type 'Without<FileUncheckedCreateInput, FileCreateInput> & FileCreateInput'.
    Type '{ filename: string; originalName: string; mimeType: string; size: number; path: string; category: $Enums.FileCategory; uploadedBy: string; checksum: string; eventId: string; contestId: string; categoryId: string; }' is not assignable to type 'Without<FileUncheckedCreateInput, FileCreateInput>'.
      Types of property 'eventId' are incompatible.
        Type 'string' is not assignable to type 'never'.
src/services/UserFieldVisibilityService.ts(86,9): error TS2559: Type 'string' has no properties in common with type 'UserUpdateOneWithoutUpdatedSettingsNestedInput'.
src/services/UserFieldVisibilityService.ts(93,9): error TS2559: Type 'string' has no properties in common with type 'UserCreateNestedOneWithoutUpdatedSettingsInput'.
src/services/UserService.ts(480,33): error TS2353: Object literal may only specify known properties, and 'in' does not exist in type '(Without<UserNullableRelationFilter, UserWhereInput> & UserWhereInput) | (Without<UserWhereInput, UserNullableRelationFilter> & UserNullableRelationFilter)'.
src/services/UserService.ts(481,19): error TS2561: Object literal may only specify known properties, but 'updatedBy' does not exist in type '(Without<SystemSettingUpdateManyMutationInput, SystemSettingUncheckedUpdateManyInput> & SystemSettingUncheckedUpdateManyInput) | (Without<...> & SystemSettingUpdateManyMutationInput)'. Did you mean to write 'updatedById'?
src/services/UserService.ts(529,20): error TS2561: Object literal may only specify known properties, but 'approvedById' does not exist in type 'DeductionApprovalWhereInput'. Did you mean to write 'approverId'?
src/services/WebhookDeliveryService.ts(51,9): error TS2322: Type '{ webhookId: string; eventId: string; status: string; attemptCount: number; }' is not assignable to type '(Without<WebhookDeliveryCreateInput, WebhookDeliveryUncheckedCreateInput> & WebhookDeliveryUncheckedCreateInput) | (Without<...> & WebhookDeliveryCreateInput)'.
  Type '{ webhookId: string; eventId: string; status: string; attemptCount: number; }' is not assignable to type 'Without<WebhookDeliveryUncheckedCreateInput, WebhookDeliveryCreateInput> & WebhookDeliveryCreateInput'.
    Type '{ webhookId: string; eventId: string; status: string; attemptCount: number; }' is not assignable to type 'Without<WebhookDeliveryUncheckedCreateInput, WebhookDeliveryCreateInput>'.
      Types of property 'webhookId' are incompatible.
        Type 'string' is not assignable to type 'never'.
src/services/WebhookDeliveryService.ts(69,11): error TS2353: Object literal may only specify known properties, and 'responseStatus' does not exist in type '(Without<WebhookDeliveryUpdateInput, WebhookDeliveryUncheckedUpdateInput> & WebhookDeliveryUncheckedUpdateInput) | (Without<...> & WebhookDeliveryUpdateInput)'.
src/services/WorkflowService.ts(43,9): error TS2322: Type '{ steps: { create: { stepOrder: number; name: string; description?: string; requiredRole?: string; autoAdvance?: boolean; requireApproval?: boolean; conditions?: any; actions?: any; notifyRoles?: string[]; }[]; }; ... 5 more ...; isActive?: boolean; }' is not assignable to type '(Without<WorkflowTemplateCreateInput, WorkflowTemplateUncheckedCreateInput> & WorkflowTemplateUncheckedCreateInput) | (Without<...> & WorkflowTemplateCreateInput)'.
  Type '{ steps: { create: { stepOrder: number; name: string; description?: string; requiredRole?: string; autoAdvance?: boolean; requireApproval?: boolean; conditions?: any; actions?: any; notifyRoles?: string[]; }[]; }; ... 5 more ...; isActive?: boolean; }' is not assignable to type 'Without<WorkflowTemplateUncheckedCreateInput, WorkflowTemplateCreateInput> & WorkflowTemplateCreateInput'.
    Property 'createdBy' is missing in type '{ steps: { create: { stepOrder: number; name: string; description?: string; requiredRole?: string; autoAdvance?: boolean; requireApproval?: boolean; conditions?: any; actions?: any; notifyRoles?: string[]; }[]; }; ... 5 more ...; isActive?: boolean; }' but required in type 'WorkflowTemplateCreateInput'.
src/services/WorkflowService.ts(74,9): error TS2322: Type '{ steps: { orderBy: { stepOrder: string; }; }; }' is not assignable to type 'never'.
src/services/WorkflowService.ts(97,9): error TS2322: Type '{ steps: { orderBy: { stepOrder: string; }; }; }' is not assignable to type 'never'.
src/services/WorkflowService.ts(134,11): error TS2322: Type '"active"' is not assignable to type 'WorkflowStatus'.
src/services/WorkflowService.ts(176,11): error TS2353: Object literal may only specify known properties, and 'template' does not exist in type 'WorkflowInstanceInclude<DefaultArgs>'.
src/services/WorkflowService.ts(187,45): error TS2339: Property 'steps' does not exist on type 'string'.
src/services/WorkflowService.ts(203,11): error TS2353: Object literal may only specify known properties, and 'approvalStatus' does not exist in type '(Without<WorkflowStepExecutionUpdateManyMutationInput, WorkflowStepExecutionUncheckedUpdateManyInput> & WorkflowStepExecutionUncheckedUpdateManyInput) | (Without<...> & WorkflowStepExecutionUpdateManyMutationInput)'.
src/services/WorkflowService.ts(211,19): error TS2820: Type '"cancelled"' is not assignable to type 'WorkflowStatus | EnumWorkflowStatusFieldUpdateOperationsInput'. Did you mean '"CANCELLED"'?
src/services/WorkflowService.ts(219,46): error TS2339: Property 'steps' does not exist on type 'string'.
src/services/WorkflowService.ts(220,42): error TS2339: Property 'steps' does not exist on type 'string'.
src/services/WorkflowService.ts(227,13): error TS2820: Type '"completed"' is not assignable to type 'WorkflowStatus | EnumWorkflowStatusFieldUpdateOperationsInput'. Did you mean '"COMPLETED"'?
src/services/WorkflowService.ts(268,11): error TS2353: Object literal may only specify known properties, and 'template' does not exist in type 'WorkflowInstanceInclude<DefaultArgs>'.
src/services/WorkflowService.ts(292,11): error TS2353: Object literal may only specify known properties, and 'template' does not exist in type 'WorkflowInstanceInclude<DefaultArgs>'.
