[2025-11-14 13:23:23] [INFO] [DOCSCONTROLLER] Listing documentation files | {"userId":"cmhtexnb800008c275jyqkbyc"}
[2025-11-14 13:23:23] [ERROR] [DOCSCONTROLLER] Error scanning directory | {"dir":"/var/www/event-manager/docs","error":{"errno":-13,"code":"EACCES","syscall":"scandir","path":"/var/www/event-manager/docs"}}
[2025-11-14 13:23:23] [ERROR] [DOCSCONTROLLER] Error listing documentation | {"error":{"errno":-13,"code":"EACCES","syscall":"scandir","path":"/var/www/event-manager/docs"}}
[2025-11-14 13:23:50] [INFO] [DOCSCONTROLLER] Listing documentation files | {"userId":"cmhtexnb800008c275jyqkbyc"}
[2025-11-14 13:23:50] [ERROR] [DOCSCONTROLLER] Error scanning directory | {"dir":"/var/www/event-manager/docs","error":{"errno":-13,"code":"EACCES","syscall":"scandir","path":"/var/www/event-manager/docs"}}
[2025-11-14 13:23:50] [ERROR] [DOCSCONTROLLER] Error listing documentation | {"error":{"errno":-13,"code":"EACCES","syscall":"scandir","path":"/var/www/event-manager/docs"}}
[2025-11-14 13:29:36] [INFO] [DOCSCONTROLLER] Listing documentation files | {"userId":"cmhtexnb800008c275jyqkbyc"}
[2025-11-14 13:30:20] [INFO] [DOCSCONTROLLER] Listing documentation files | {"userId":"cmhtexnb800008c275jyqkbyc"}
[2025-11-14 13:41:46] [INFO] [DOCSCONTROLLER] Listing documentation files | {"userId":"cmhtexnb800008c275jyqkbyc"}
[2025-11-14 13:53:32] [INFO] [DOCSCONTROLLER] Listing documentation files | {"userId":"cmhtexnb800008c275jyqkbyc"}
[2025-11-14 13:53:47] [ERROR] [DOCSCONTROLLER] Error retrieving documentation | {"error":{}}
[2025-11-14 14:07:17] [INFO] [DOCSCONTROLLER] Listing documentation files | {"userId":"cmhtexnb800008c275jyqkbyc"}
[2025-11-14 14:07:21] [INFO] [DOCSCONTROLLER] Listing documentation files | {"userId":"cmhtexnb800008c275jyqkbyc"}
[2025-11-14 14:07:23] [ERROR] [DOCSCONTROLLER] Error retrieving documentation | {"error":{}}
[2025-11-14 15:20:12] [INFO] [DOCSCONTROLLER] Listing documentation files | {"userId":"cmhtexnb800008c275jyqkbyc"}
[2025-11-14 15:20:15] [INFO] [DOCSCONTROLLER] Retrieving documentation | {"path":"01-ARCHITECTURE.md","userId":"cmhtexnb800008c275jyqkbyc"}
[2025-11-14 15:20:43] [INFO] [DOCSCONTROLLER] Retrieving documentation | {"path":"README.md","userId":"cmhtexnb800008c275jyqkbyc"}
[2025-11-14 15:21:40] [INFO] [DOCSCONTROLLER] Retrieving documentation | {"path":"04-API-REFERENCE.md","userId":"cmhtexnb800008c275jyqkbyc"}
[2025-11-14 15:23:03] [INFO] [DOCSCONTROLLER] Retrieving documentation | {"path":"03-FEATURES.md","userId":"cmhtexnb800008c275jyqkbyc"}
[2025-11-14 15:23:52] [INFO] [DOCSCONTROLLER] Retrieving documentation | {"path":"README.md","userId":"cmhtexnb800008c275jyqkbyc"}
[2025-11-14 15:23:57] [INFO] [DOCSCONTROLLER] Retrieving documentation | {"path":"01-ARCHITECTURE.md","userId":"cmhtexnb800008c275jyqkbyc"}
[2025-11-14 17:11:17] [INFO] [DOCSCONTROLLER] Listing documentation files | {"userId":"cmhtexnb800008c275jyqkbyc"}
[2025-11-14 17:11:17] [ERROR] [DOCSCONTROLLER] Error scanning directory | {"dir":"/var/www/event-manager/docs/enhancements","error":{"errno":-13,"code":"EACCES","syscall":"scandir","path":"/var/www/event-manager/docs/enhancements"}}
[2025-11-14 17:11:17] [ERROR] [DOCSCONTROLLER] Error listing documentation | {"error":{"errno":-13,"code":"EACCES","syscall":"scandir","path":"/var/www/event-manager/docs/enhancements"}}
[2025-11-14 18:35:36] [INFO] [DOCSCONTROLLER] Listing documentation files | {"userId":"cmh6kqumg0006b11b74o0wltv"}
[2025-11-14 18:35:36] [ERROR] [DOCSCONTROLLER] Error scanning directory | {"dir":"/var/www/event-manager/docs/enhancements","error":{"errno":-13,"code":"EACCES","syscall":"scandir","path":"/var/www/event-manager/docs/enhancements"}}
[2025-11-14 18:35:36] [ERROR] [DOCSCONTROLLER] Error listing documentation | {"error":{"errno":-13,"code":"EACCES","syscall":"scandir","path":"/var/www/event-manager/docs/enhancements"}}
[2025-11-14 22:18:17] [INFO] [DOCSCONTROLLER] Listing documentation files | {"userId":"cmh6kqumg0006b11b74o0wltv"}
[2025-11-14 22:18:17] [ERROR] [DOCSCONTROLLER] Error scanning directory | {"dir":"/var/www/event-manager/docs/enhancements","error":{"errno":-13,"code":"EACCES","syscall":"scandir","path":"/var/www/event-manager/docs/enhancements"}}
[2025-11-14 22:18:18] [ERROR] [DOCSCONTROLLER] Error listing documentation | {"error":{"errno":-13,"code":"EACCES","syscall":"scandir","path":"/var/www/event-manager/docs/enhancements"}}
