[2025-11-16 00:01:21] [INFO] [REQUEST] Request started | {"requestId":"unknown","method":"POST","url":"/api/auth/login","path":"/api/auth/login","query":{},"ip":"::1","userAgent":"curl/8.5.0","userId":"anonymous","user":null}
[2025-11-16 00:01:21] [WARN] [REQUEST] Request completed | {"requestId":"unknown","method":"POST","url":"/auth/login","path":"/auth/login","statusCode":403,"duration":29,"durationCategory":"fast","contentLength":"122","userId":"anonymous","userRole":"none","user":null,"ip":"::1"}
[2025-11-16 00:01:21] [WARN] [AUTH] CSRF validation failed: Missing token | {"hasHeader":false,"hasCookie":false,"method":"POST","path":"/auth/login","origin":"https://conmgr.com","host":"localhost:3000","ip":"::1","cookies":[],"headers":["host","user-agent","accept","content-type","origin","content-length"],"requestId":"unknown","user":null}
[2025-11-16 00:17:43] [INFO] [REQUEST] Request started | {"requestId":"unknown","method":"POST","url":"/api/auth/login","path":"/api/auth/login","query":{},"ip":"192.168.80.140","userAgent":"Mozilla/5.0 (Macintosh; Intel Mac OS X 10.15; rv:145.0) Gecko/20100101 Firefox/145.0","userId":"anonymous","user":null}
[2025-11-16 00:17:43] [WARN] [AUTH] CSRF validation failed: Missing token | {"hasHeader":false,"hasCookie":false,"method":"POST","path":"/auth/login","origin":"https://conmgr.com","host":"conmgr.com","ip":"192.168.80.140","cookies":["ZNPCQ003-34323600"],"headers":["connection","host","x-real-ip","x-forwarded-for","x-forwarded-proto","content-length","sec-fetch-site","priority","cookie","cache-control","cf-ray","pragma","user-agent","accept","accept-language","accept-encoding","content-type","origin","dnt","sec-gpc","referer","sec-fetch-dest","sec-fetch-mode","cdn-loop","cf-connecting-ip","cf-ipcountry","cf-visitor","via","x-forwarded-host","x-forwarded-server"],"requestId":"unknown","user":null}
[2025-11-16 00:17:43] [WARN] [REQUEST] Request completed | {"requestId":"unknown","method":"POST","url":"/auth/login","path":"/auth/login","statusCode":403,"duration":63,"durationCategory":"fast","contentLength":"122","userId":"anonymous","userRole":"none","user":null,"ip":"192.168.80.140"}
[2025-11-16 00:25:37] [INFO] [REQUEST] Request started | {"requestId":"unknown","method":"GET","url":"/api/csrf-token","path":"/api/csrf-token","query":{},"ip":"::1","userAgent":"curl/8.5.0","userId":"anonymous","user":null}
[2025-11-16 00:25:37] [INFO] [REQUEST] Request completed | {"requestId":"unknown","method":"GET","url":"/api/csrf-token","path":"/api/csrf-token","statusCode":200,"duration":4,"durationCategory":"fast","contentLength":"80","userId":"anonymous","userRole":"none","user":null,"ip":"::1"}
[2025-11-16 00:27:38] [INFO] [EVENTBUSSERVICE] Event bus worker initialized
[2025-11-16 00:27:38] [INFO] [DEFAULT] Configuration validation passed
[2025-11-16 00:27:38] [INFO] [METRICS] Metrics service initialized
[2025-11-16 00:27:38] [INFO] [DEFAULT] Swagger UI available at /api-docs
[2025-11-16 00:27:38] [INFO] [DEFAULT] Allowed origins: http://localhost:3000, http://localhost:3001, https://conmgr.com, http://conmgr.com
[2025-11-16 00:27:38] [INFO] [DEFAULT] Frontend static files serving enabled
[2025-11-16 00:27:38] [INFO] [QUEUESERVICE] Worker created | {"queue":"app-events","concurrency":5}
[2025-11-16 00:27:38] [INFO] [RATE-LIMIT] Redis connected for rate limiting
[2025-11-16 00:27:38] [INFO] [QUEUESERVICE] Redis connected
[2025-11-16 00:27:38] [INFO] [DEFAULT] 🚀 Event Manager API server running on port 3000
[2025-11-16 00:27:38] [INFO] [DEFAULT] 📝 Environment: production
[2025-11-16 00:27:38] [INFO] [DEFAULT] 🔒 CORS: configured
[2025-11-16 00:27:38] [INFO] [BACKUP] Scheduled backup service started
[2025-11-16 00:27:56] [INFO] [REQUEST] Request started | {"requestId":"unknown","method":"GET","url":"/api/csrf-token","path":"/api/csrf-token","query":{},"ip":"::1","userAgent":"curl/8.5.0","userId":"anonymous","user":null}
[2025-11-16 00:27:56] [INFO] [REQUEST] Request completed | {"requestId":"unknown","method":"GET","url":"/api/csrf-token","path":"/api/csrf-token","statusCode":200,"duration":19,"durationCategory":"fast","contentLength":"80","userId":"anonymous","userRole":"none","user":null,"ip":"::1"}
[2025-11-16 00:28:04] [ERROR] [ERROR] Request error occurred | {"requestId":"unknown","method":"POST","url":"/api/auth/login","error":"Bad escaped character in JSON at position 55","stack":"SyntaxError: Bad escaped character in JSON at position 55\n    at JSON.parse (<anonymous>)\n    at parse (/var/www/event-manager/node_modules/body-parser/lib/types/json.js:92:19)\n    at /var/www/event-manager/node_modules/body-parser/lib/read.js:128:18\n    at AsyncResource.runInAsyncScope (node:async_hooks:206:9)\n    at invokeCallback (/var/www/event-manager/node_modules/raw-body/index.js:238:16)\n    at done (/var/www/event-manager/node_modules/raw-body/index.js:227:7)\n    at IncomingMessage.onEnd (/var/www/event-manager/node_modules/raw-body/index.js:287:7)\n    at IncomingMessage.emit (node:events:524:28)\n    at endReadableNT (node:internal/streams/readable:1698:12)\n    at process.processTicksAndRejections (node:internal/process/task_queues:82:21)","userId":"anonymous","statusCode":400,"path":"/api/auth/login","user":null,"ip":"::1"}
[2025-11-16 00:28:20] [INFO] [REQUEST] Request started | {"requestId":"unknown","method":"GET","url":"/api/csrf-token","path":"/api/csrf-token","query":{},"ip":"::1","userAgent":"curl/8.5.0","userId":"anonymous","user":null}
[2025-11-16 00:28:20] [INFO] [REQUEST] Request completed | {"requestId":"unknown","method":"GET","url":"/api/csrf-token","path":"/api/csrf-token","statusCode":200,"duration":3,"durationCategory":"fast","contentLength":"80","userId":"anonymous","userRole":"none","user":null,"ip":"::1"}
[2025-11-16 00:28:20] [ERROR] [ERROR] Request error occurred | {"requestId":"unknown","method":"POST","url":"/api/auth/login","error":"Bad escaped character in JSON at position 55","stack":"SyntaxError: Bad escaped character in JSON at position 55\n    at JSON.parse (<anonymous>)\n    at parse (/var/www/event-manager/node_modules/body-parser/lib/types/json.js:92:19)\n    at /var/www/event-manager/node_modules/body-parser/lib/read.js:128:18\n    at AsyncResource.runInAsyncScope (node:async_hooks:206:9)\n    at invokeCallback (/var/www/event-manager/node_modules/raw-body/index.js:238:16)\n    at done (/var/www/event-manager/node_modules/raw-body/index.js:227:7)\n    at IncomingMessage.onEnd (/var/www/event-manager/node_modules/raw-body/index.js:287:7)\n    at IncomingMessage.emit (node:events:524:28)\n    at endReadableNT (node:internal/streams/readable:1698:12)\n    at process.processTicksAndRejections (node:internal/process/task_queues:82:21)","userId":"anonymous","statusCode":400,"path":"/api/auth/login","user":null,"ip":"::1"}
[2025-11-16 00:28:52] [INFO] [REQUEST] Request started | {"requestId":"unknown","method":"GET","url":"/api/csrf-token","path":"/api/csrf-token","query":{},"ip":"::1","userAgent":"curl/8.5.0","userId":"anonymous","user":null}
[2025-11-16 00:28:52] [INFO] [REQUEST] Request completed | {"requestId":"unknown","method":"GET","url":"/api/csrf-token","path":"/api/csrf-token","statusCode":200,"duration":4,"durationCategory":"fast","contentLength":"80","userId":"anonymous","userRole":"none","user":null,"ip":"::1"}
[2025-11-16 00:29:04] [INFO] [REQUEST] Request started | {"requestId":"unknown","method":"GET","url":"/api/csrf-token","path":"/api/csrf-token","query":{},"ip":"::1","userAgent":"curl/8.5.0","userId":"anonymous","user":null}
[2025-11-16 00:29:04] [INFO] [REQUEST] Request completed | {"requestId":"unknown","method":"GET","url":"/api/csrf-token","path":"/api/csrf-token","statusCode":200,"duration":6,"durationCategory":"fast","contentLength":"80","userId":"anonymous","userRole":"none","user":null,"ip":"::1"}
[2025-11-16 00:29:04] [INFO] [REQUEST] Request started | {"requestId":"unknown","method":"POST","url":"/api/auth/login","path":"/api/auth/login","query":{},"ip":"::1","userAgent":"curl/8.5.0","userId":"anonymous","user":null}
[2025-11-16 00:29:04] [WARN] [AUTH] CSRF validation failed: Missing token | {"hasHeader":true,"hasCookie":false,"method":"POST","path":"/auth/login","host":"localhost:3000","ip":"::1","cookies":[],"headers":["host","user-agent","accept","content-type","x-csrf-token","content-length"],"requestId":"unknown","user":null}
[2025-11-16 00:29:04] [WARN] [REQUEST] Request completed | {"requestId":"unknown","method":"POST","url":"/auth/login","path":"/auth/login","statusCode":403,"duration":16,"durationCategory":"fast","contentLength":"122","userId":"anonymous","userRole":"none","user":null,"ip":"::1"}
[2025-11-16 00:29:17] [INFO] [REQUEST] Request started | {"requestId":"unknown","method":"GET","url":"/api/csrf-token","path":"/api/csrf-token","query":{},"ip":"::1","userAgent":"curl/8.5.0","userId":"anonymous","user":null}
[2025-11-16 00:29:17] [INFO] [REQUEST] Request completed | {"requestId":"unknown","method":"GET","url":"/api/csrf-token","path":"/api/csrf-token","statusCode":200,"duration":5,"durationCategory":"fast","contentLength":"80","userId":"anonymous","userRole":"none","user":null,"ip":"::1"}
[2025-11-16 00:29:17] [INFO] [REQUEST] Request started | {"requestId":"unknown","method":"GET","url":"/api/csrf-token","path":"/api/csrf-token","query":{},"ip":"::1","userAgent":"curl/8.5.0","userId":"anonymous","user":null}
[2025-11-16 00:29:17] [INFO] [REQUEST] Request completed | {"requestId":"unknown","method":"GET","url":"/api/csrf-token","path":"/api/csrf-token","statusCode":200,"duration":5,"durationCategory":"fast","contentLength":"80","userId":"anonymous","userRole":"none","user":null,"ip":"::1"}
[2025-11-16 00:29:17] [INFO] [REQUEST] Request started | {"requestId":"unknown","method":"POST","url":"/api/auth/login","path":"/api/auth/login","query":{},"ip":"::1","userAgent":"curl/8.5.0","userId":"anonymous","user":null}
[2025-11-16 00:29:17] [WARN] [REQUEST] Request completed | {"requestId":"unknown","method":"POST","url":"/auth/login","path":"/auth/login","statusCode":403,"duration":8,"durationCategory":"fast","contentLength":"111","userId":"anonymous","userRole":"none","user":null,"ip":"::1"}
[2025-11-16 00:29:29] [INFO] [REQUEST] Request started | {"requestId":"unknown","method":"GET","url":"/api/csrf-token","path":"/api/csrf-token","query":{},"ip":"::1","userAgent":"curl/8.5.0","userId":"anonymous","user":null}
[2025-11-16 00:29:29] [INFO] [REQUEST] Request completed | {"requestId":"unknown","method":"GET","url":"/api/csrf-token","path":"/api/csrf-token","statusCode":200,"duration":3,"durationCategory":"fast","contentLength":"80","userId":"anonymous","userRole":"none","user":null,"ip":"::1"}
[2025-11-16 00:29:29] [INFO] [REQUEST] Request started | {"requestId":"unknown","method":"POST","url":"/api/auth/login","path":"/api/auth/login","query":{},"ip":"::1","userAgent":"curl/8.5.0","userId":"anonymous","user":null}
[2025-11-16 00:29:30] [ERROR] [AUTH] Login error | {"error":"Invalid credentials","stack":"Error: Invalid credentials\n    at AuthService.login (/var/www/event-manager/dist/services/AuthService.js:49:19)\n    at async login (/var/www/event-manager/dist/controllers/authController.js:24:28)","email":"admin@eventmanager.com","host":"localhost:3000","userAgent":"curl/8.5.0","ip":"::1","csrfHeader":"present","csrfCookie":"present","requestId":"unknown","method":"POST","path":"/login","user":null}
[2025-11-16 00:29:30] [WARN] [REQUEST] Request completed | {"requestId":"unknown","method":"POST","url":"/login","path":"/login","statusCode":401,"duration":691,"durationCategory":"slow","contentLength":"88","userId":"anonymous","userRole":"none","user":null,"ip":"::1"}
[2025-11-16 00:29:47] [INFO] [REQUEST] Request started | {"requestId":"unknown","method":"GET","url":"/api/csrf-token","path":"/api/csrf-token","query":{},"ip":"::1","userAgent":"curl/8.5.0","userId":"anonymous","user":null}
[2025-11-16 00:29:47] [INFO] [REQUEST] Request completed | {"requestId":"unknown","method":"GET","url":"/api/csrf-token","path":"/api/csrf-token","statusCode":200,"duration":4,"durationCategory":"fast","contentLength":"80","userId":"anonymous","userRole":"none","user":null,"ip":"::1"}
[2025-11-16 00:29:47] [INFO] [REQUEST] Request started | {"requestId":"unknown","method":"POST","url":"/api/auth/login","path":"/api/auth/login","query":{},"ip":"::1","userAgent":"curl/8.5.0","userId":"anonymous","user":null}
[2025-11-16 00:29:48] [ERROR] [AUTH] Login error | {"error":"Invalid credentials","stack":"Error: Invalid credentials\n    at AuthService.login (/var/www/event-manager/dist/services/AuthService.js:49:19)\n    at async login (/var/www/event-manager/dist/controllers/authController.js:24:28)","email":"admin@eventmanager.com","host":"localhost:3000","userAgent":"curl/8.5.0","ip":"::1","csrfHeader":"present","csrfCookie":"present","requestId":"unknown","method":"POST","path":"/login","user":null}
[2025-11-16 00:29:48] [WARN] [REQUEST] Request completed | {"requestId":"unknown","method":"POST","url":"/login","path":"/login","statusCode":401,"duration":655,"durationCategory":"slow","contentLength":"88","userId":"anonymous","userRole":"none","user":null,"ip":"::1"}
[2025-11-16 00:31:04] [INFO] [REQUEST] Request started | {"requestId":"unknown","method":"GET","url":"/","path":"/","query":{},"ip":"::1","userAgent":"curl/8.5.0","userId":"anonymous","user":null}
[2025-11-16 00:31:04] [INFO] [REQUEST] Request completed | {"requestId":"unknown","method":"GET","url":"/","path":"/","statusCode":200,"duration":5,"durationCategory":"fast","contentLength":"107","userId":"anonymous","userRole":"none","user":null,"ip":"::1"}
[2025-11-16 00:31:19] [INFO] [REQUEST] Request started | {"requestId":"unknown","method":"GET","url":"/login","path":"/login","query":{},"ip":"::1","userAgent":"curl/8.5.0","userId":"anonymous","user":null}
[2025-11-16 00:31:19] [WARN] [REQUEST] Request completed | {"requestId":"unknown","method":"GET","url":"/login","path":"/login","statusCode":404,"duration":3,"durationCategory":"fast","contentLength":"106","userId":"anonymous","userRole":"none","user":null,"ip":"::1"}
[2025-11-16 00:31:25] [INFO] [REQUEST] Request started | {"requestId":"unknown","method":"HEAD","url":"/assets/index-BDZ43DNC.js","path":"/assets/index-BDZ43DNC.js","query":{},"ip":"::1","userAgent":"curl/8.5.0","userId":"anonymous","user":null}
[2025-11-16 00:31:25] [WARN] [REQUEST] Request completed | {"requestId":"unknown","method":"HEAD","url":"/assets/index-BDZ43DNC.js","path":"/assets/index-BDZ43DNC.js","statusCode":404,"duration":6,"durationCategory":"fast","contentLength":"126","userId":"anonymous","userRole":"none","user":null,"ip":"::1"}
[2025-11-16 00:32:23] [INFO] [QUEUESERVICE] Worker created | {"queue":"app-events","concurrency":5}
[2025-11-16 00:32:23] [INFO] [EVENTBUSSERVICE] Event bus worker initialized
[2025-11-16 00:32:23] [INFO] [DEFAULT] Configuration validation passed
[2025-11-16 00:32:23] [INFO] [METRICS] Metrics service initialized
[2025-11-16 00:32:23] [INFO] [DEFAULT] Swagger UI available at /api-docs
[2025-11-16 00:32:23] [INFO] [DEFAULT] Frontend static files serving enabled
[2025-11-16 00:32:23] [INFO] [DEFAULT] Allowed origins: http://localhost:3000, http://localhost:3001, https://conmgr.com, http://conmgr.com
[2025-11-16 00:32:23] [INFO] [RATE-LIMIT] Redis connected for rate limiting
[2025-11-16 00:32:23] [INFO] [QUEUESERVICE] Redis connected
[2025-11-16 00:32:23] [INFO] [DEFAULT] 🚀 Event Manager API server running on port 3000
[2025-11-16 00:32:23] [INFO] [DEFAULT] 📝 Environment: production
[2025-11-16 00:32:23] [INFO] [DEFAULT] 🔒 CORS: configured
[2025-11-16 00:32:23] [INFO] [BACKUP] Scheduled backup service started
[2025-11-16 00:32:36] [INFO] [REQUEST] Request started | {"requestId":"unknown","method":"GET","url":"/login","path":"/login","query":{},"ip":"::1","userAgent":"curl/8.5.0","userId":"anonymous","user":null}
[2025-11-16 00:32:36] [WARN] [REQUEST] Request completed | {"requestId":"unknown","method":"GET","url":"/login","path":"/login","statusCode":404,"duration":14,"durationCategory":"fast","contentLength":"106","userId":"anonymous","userRole":"none","user":null,"ip":"::1"}
[2025-11-16 00:34:51] [INFO] [REQUEST] Request started | {"requestId":"unknown","method":"GET","url":"/some-random-page","path":"/some-random-page","query":{},"ip":"::1","userAgent":"curl/8.5.0","userId":"anonymous","user":null}
[2025-11-16 00:34:51] [WARN] [REQUEST] Request completed | {"requestId":"unknown","method":"GET","url":"/some-random-page","path":"/some-random-page","statusCode":404,"duration":6,"durationCategory":"fast","contentLength":"117","userId":"anonymous","userRole":"none","user":null,"ip":"::1"}
[2025-11-16 00:35:51] [INFO] [QUEUESERVICE] Worker created | {"queue":"app-events","concurrency":5}
[2025-11-16 00:35:51] [INFO] [EVENTBUSSERVICE] Event bus worker initialized
[2025-11-16 00:35:51] [INFO] [METRICS] Metrics service initialized
[2025-11-16 00:35:51] [INFO] [DEFAULT] Configuration validation passed
[2025-11-16 00:35:51] [INFO] [DEFAULT] Allowed origins: http://localhost:3000, http://localhost:3001, https://conmgr.com, http://conmgr.com
[2025-11-16 00:35:51] [INFO] [DEFAULT] Swagger UI available at /api-docs
[2025-11-16 00:35:51] [INFO] [DEFAULT] Frontend static files serving enabled
[2025-11-16 00:35:51] [INFO] [RATE-LIMIT] Redis connected for rate limiting
[2025-11-16 00:35:51] [INFO] [QUEUESERVICE] Redis connected
[2025-11-16 00:35:51] [INFO] [DEFAULT] 📝 Environment: production
[2025-11-16 00:35:51] [INFO] [DEFAULT] 🚀 Event Manager API server running on port 3000
[2025-11-16 00:35:51] [INFO] [DEFAULT] 🔒 CORS: configured
[2025-11-16 00:35:51] [INFO] [BACKUP] Scheduled backup service started
[2025-11-16 00:36:07] [INFO] [REQUEST] Request started | {"requestId":"unknown","method":"GET","url":"/login","path":"/login","query":{},"ip":"::1","userAgent":"curl/8.5.0","userId":"anonymous","user":null}
[2025-11-16 00:36:07] [WARN] [REQUEST] Request completed | {"requestId":"unknown","method":"GET","url":"/login","path":"/login","statusCode":404,"duration":19,"durationCategory":"fast","contentLength":"106","userId":"anonymous","userRole":"none","user":null,"ip":"::1"}
[2025-11-16 00:43:43] [INFO] [REQUEST] Request completed | {"requestId":"unknown","method":"GET","url":"/api/csrf-token","path":"/api/csrf-token","statusCode":200,"duration":8,"durationCategory":"fast","contentLength":"80","userId":"anonymous","userRole":"none","user":null,"ip":"192.168.80.140"}
[2025-11-16 00:43:43] [INFO] [REQUEST] Request started | {"requestId":"unknown","method":"GET","url":"/api/csrf-token","path":"/api/csrf-token","query":{},"ip":"192.168.80.140","userAgent":"Mozilla/5.0 (Macintosh; Intel Mac OS X 10.15; rv:145.0) Gecko/20100101 Firefox/145.0","userId":"anonymous","user":null}
[2025-11-16 00:43:43] [INFO] [REQUEST] Request started | {"requestId":"unknown","method":"POST","url":"/api/auth/login","path":"/api/auth/login","query":{},"ip":"192.168.80.140","userAgent":"Mozilla/5.0 (Macintosh; Intel Mac OS X 10.15; rv:145.0) Gecko/20100101 Firefox/145.0","userId":"anonymous","user":null}
[2025-11-16 00:43:43] [INFO] [AUTH] Login successful | {"userId":"cmhtexnb800008c275jyqkbyc","email":"admin@eventmanager.com","role":"ADMIN","requestId":"unknown","method":"POST","path":"/login","user":null,"ip":"192.168.80.140"}
[2025-11-16 00:43:43] [INFO] [REQUEST] Request completed | {"requestId":"unknown","method":"POST","url":"/login","path":"/login","statusCode":200,"duration":780,"durationCategory":"slow","contentLength":"679","userId":"anonymous","userRole":"none","user":null,"ip":"192.168.80.140"}
[2025-11-16 00:43:52] [INFO] [REQUEST] Request started | {"requestId":"unknown","method":"GET","url":"/api/auth/profile","path":"/api/auth/profile","query":{},"ip":"192.168.80.140","userAgent":"Mozilla/5.0 (Macintosh; Intel Mac OS X 10.15; rv:145.0) Gecko/20100101 Firefox/145.0","userId":"anonymous","user":null}
[2025-11-16 00:43:52] [WARN] [REQUEST] Request completed | {"requestId":"unknown","method":"GET","url":"/profile","path":"/profile","statusCode":401,"duration":13,"durationCategory":"fast","contentLength":"59","userId":"anonymous","userRole":"none","user":null,"ip":"192.168.80.140"}
[2025-11-16 00:43:52] [INFO] [REQUEST] Request started | {"requestId":"unknown","method":"GET","url":"/api/auth/profile","path":"/api/auth/profile","query":{},"ip":"192.168.80.140","userAgent":"Mozilla/5.0 (Macintosh; Intel Mac OS X 10.15; rv:145.0) Gecko/20100101 Firefox/145.0","userId":"anonymous","user":null}
[2025-11-16 00:43:52] [WARN] [REQUEST] Request completed | {"requestId":"unknown","method":"GET","url":"/profile","path":"/profile","statusCode":401,"duration":10,"durationCategory":"fast","contentLength":"59","userId":"anonymous","userRole":"none","user":null,"ip":"192.168.80.140"}
[2025-11-16 01:18:57] [INFO] [REQUEST] Request started | {"requestId":"unknown","method":"GET","url":"/api/health","path":"/api/health","query":{},"ip":"::1","userAgent":"curl/8.5.0","userId":"anonymous","user":null}
[2025-11-16 01:18:57] [WARN] [REQUEST] Request completed | {"requestId":"unknown","method":"GET","url":"/health","path":"/health","statusCode":401,"duration":48,"durationCategory":"fast","contentLength":"33","userId":"anonymous","userRole":"none","user":null,"ip":"::1"}
[2025-11-16 01:46:02] [INFO] [REQUEST] Request started | {"requestId":"unknown","method":"GET","url":"/api/.env.save","path":"/api/.env.save","query":{},"ip":"192.168.80.140","userAgent":"python-httpx/0.24.1","userId":"anonymous","user":null}
[2025-11-16 01:46:02] [INFO] [REQUEST] Request started | {"requestId":"unknown","method":"GET","url":"/api/.env","path":"/api/.env","query":{},"ip":"192.168.80.140","userAgent":"python-httpx/0.24.1","userId":"anonymous","user":null}
[2025-11-16 01:46:02] [INFO] [REQUEST] Request started | {"requestId":"unknown","method":"GET","url":"/api/.env.old","path":"/api/.env.old","query":{},"ip":"192.168.80.140","userAgent":"python-httpx/0.24.1","userId":"anonymous","user":null}
[2025-11-16 01:46:02] [INFO] [REQUEST] Request started | {"requestId":"unknown","method":"GET","url":"/api/.env.bak","path":"/api/.env.bak","query":{},"ip":"192.168.80.140","userAgent":"python-httpx/0.24.1","userId":"anonymous","user":null}
[2025-11-16 01:46:02] [WARN] [REQUEST] Request completed | {"requestId":"unknown","method":"GET","url":"/.env.save","path":"/.env.save","statusCode":401,"duration":48,"durationCategory":"fast","contentLength":"33","userId":"anonymous","userRole":"none","user":null,"ip":"192.168.80.140"}
[2025-11-16 01:46:03] [WARN] [REQUEST] Request completed | {"requestId":"unknown","method":"GET","url":"/.env","path":"/.env","statusCode":401,"duration":61,"durationCategory":"fast","contentLength":"33","userId":"anonymous","userRole":"none","user":null,"ip":"192.168.80.140"}
[2025-11-16 01:46:03] [WARN] [REQUEST] Request completed | {"requestId":"unknown","method":"GET","url":"/.env.old","path":"/.env.old","statusCode":401,"duration":59,"durationCategory":"fast","contentLength":"33","userId":"anonymous","userRole":"none","user":null,"ip":"192.168.80.140"}
[2025-11-16 01:46:03] [WARN] [REQUEST] Request completed | {"requestId":"unknown","method":"GET","url":"/.env.bak","path":"/.env.bak","statusCode":401,"duration":62,"durationCategory":"fast","contentLength":"33","userId":"anonymous","userRole":"none","user":null,"ip":"192.168.80.140"}
[2025-11-16 02:48:38] [INFO] [REQUEST] Request started | {"requestId":"unknown","method":"GET","url":"/api/csrf-token","path":"/api/csrf-token","query":{},"ip":"192.168.80.140","userAgent":"Mozilla/5.0 (Macintosh; Intel Mac OS X 10.15; rv:145.0) Gecko/20100101 Firefox/145.0","userId":"anonymous","user":null}
[2025-11-16 02:48:38] [INFO] [REQUEST] Request completed | {"requestId":"unknown","method":"GET","url":"/api/csrf-token","path":"/api/csrf-token","statusCode":200,"duration":2,"durationCategory":"fast","contentLength":"80","userId":"anonymous","userRole":"none","user":null,"ip":"192.168.80.140"}
[2025-11-16 02:48:38] [INFO] [REQUEST] Request started | {"requestId":"unknown","method":"POST","url":"/api/auth/login","path":"/api/auth/login","query":{},"ip":"192.168.80.140","userAgent":"Mozilla/5.0 (Macintosh; Intel Mac OS X 10.15; rv:145.0) Gecko/20100101 Firefox/145.0","userId":"anonymous","user":null}
[2025-11-16 02:48:39] [INFO] [AUTH] Login successful | {"userId":"cmhtexnb800008c275jyqkbyc","email":"admin@eventmanager.com","role":"ADMIN","requestId":"unknown","method":"POST","path":"/login","user":null,"ip":"192.168.80.140"}
[2025-11-16 02:48:39] [INFO] [REQUEST] Request completed | {"requestId":"unknown","method":"POST","url":"/login","path":"/login","statusCode":200,"duration":759,"durationCategory":"slow","contentLength":"679","userId":"anonymous","userRole":"none","user":null,"ip":"192.168.80.140"}
[2025-11-16 03:03:36] [INFO] [REQUEST] Request started | {"requestId":"unknown","method":"GET","url":"/api/health","path":"/api/health","query":{},"ip":"::1","userAgent":"curl/8.5.0","userId":"anonymous","user":null}
[2025-11-16 03:03:36] [WARN] [REQUEST] Request completed | {"requestId":"unknown","method":"GET","url":"/health","path":"/health","statusCode":401,"duration":45,"durationCategory":"fast","contentLength":"33","userId":"anonymous","userRole":"none","user":null,"ip":"::1"}
[2025-11-16 03:03:38] [INFO] [REQUEST] Request started | {"requestId":"unknown","method":"GET","url":"/api/csrf-token","path":"/api/csrf-token","query":{},"ip":"::1","userAgent":"curl/8.5.0","userId":"anonymous","user":null}
[2025-11-16 03:03:38] [INFO] [REQUEST] Request completed | {"requestId":"unknown","method":"GET","url":"/api/csrf-token","path":"/api/csrf-token","statusCode":200,"duration":4,"durationCategory":"fast","contentLength":"80","userId":"anonymous","userRole":"none","user":null,"ip":"::1"}
[2025-11-16 03:03:53] [INFO] [REQUEST] Request started | {"requestId":"unknown","method":"GET","url":"/api/csrf-token","path":"/api/csrf-token","query":{},"ip":"::1","userAgent":"curl/8.5.0","userId":"anonymous","user":null}
[2025-11-16 03:03:53] [INFO] [REQUEST] Request completed | {"requestId":"unknown","method":"GET","url":"/api/csrf-token","path":"/api/csrf-token","statusCode":200,"duration":3,"durationCategory":"fast","contentLength":"80","userId":"anonymous","userRole":"none","user":null,"ip":"::1"}
[2025-11-16 03:03:54] [ERROR] [ERROR] Request error occurred | {"requestId":"unknown","method":"POST","url":"/api/auth/login","error":"Bad escaped character in JSON at position 55","stack":"SyntaxError: Bad escaped character in JSON at position 55\n    at JSON.parse (<anonymous>)\n    at parse (/var/www/event-manager/node_modules/body-parser/lib/types/json.js:92:19)\n    at /var/www/event-manager/node_modules/body-parser/lib/read.js:128:18\n    at AsyncResource.runInAsyncScope (node:async_hooks:206:9)\n    at invokeCallback (/var/www/event-manager/node_modules/raw-body/index.js:238:16)\n    at done (/var/www/event-manager/node_modules/raw-body/index.js:227:7)\n    at IncomingMessage.onEnd (/var/www/event-manager/node_modules/raw-body/index.js:287:7)\n    at IncomingMessage.emit (node:events:524:28)\n    at endReadableNT (node:internal/streams/readable:1698:12)\n    at process.processTicksAndRejections (node:internal/process/task_queues:82:21)","userId":"anonymous","statusCode":400,"path":"/api/auth/login","user":null,"ip":"::1"}
[2025-11-16 03:04:20] [INFO] [REQUEST] Request started | {"requestId":"unknown","method":"POST","url":"/api/auth/login","path":"/api/auth/login","query":{},"ip":"::1","userAgent":"curl/8.5.0","userId":"anonymous","user":null}
[2025-11-16 03:04:20] [WARN] [AUTH] CSRF validation failed: Missing token | {"hasHeader":true,"hasCookie":false,"method":"POST","path":"/auth/login","host":"localhost:3000","ip":"::1","cookies":[],"headers":["host","user-agent","accept","content-type","x-csrf-token","content-length"],"requestId":"unknown","user":null}
[2025-11-16 03:04:20] [WARN] [REQUEST] Request completed | {"requestId":"unknown","method":"POST","url":"/auth/login","path":"/auth/login","statusCode":403,"duration":8,"durationCategory":"fast","contentLength":"122","userId":"anonymous","userRole":"none","user":null,"ip":"::1"}
[2025-11-16 03:07:20] [INFO] [QUEUESERVICE] Worker created | {"queue":"app-events","concurrency":5}
[2025-11-16 03:07:20] [INFO] [EVENTBUSSERVICE] Event bus worker initialized
[2025-11-16 03:07:20] [INFO] [METRICS] Metrics service initialized
[2025-11-16 03:07:20] [INFO] [DEFAULT] Allowed origins: http://localhost:3000, http://localhost:3001, https://conmgr.com, http://conmgr.com, http://192.168.80.246
[2025-11-16 03:07:20] [INFO] [DEFAULT] Swagger UI available at /api-docs
[2025-11-16 03:07:20] [INFO] [DEFAULT] Frontend static files serving enabled
[2025-11-16 03:07:20] [INFO] [DEFAULT] Configuration validation passed
[2025-11-16 03:07:20] [INFO] [RATE-LIMIT] Redis connected for rate limiting
[2025-11-16 03:07:20] [INFO] [QUEUESERVICE] Redis connected
[2025-11-16 03:07:20] [INFO] [DEFAULT] 🚀 Event Manager API server running on port 3000
[2025-11-16 03:07:20] [INFO] [DEFAULT] 📝 Environment: production
[2025-11-16 03:07:20] [INFO] [DEFAULT] 🔒 CORS: configured
[2025-11-16 03:07:20] [INFO] [BACKUP] Scheduled backup service started
[2025-11-16 03:08:07] [INFO] [QUEUESERVICE] Worker created | {"queue":"app-events","concurrency":5}
[2025-11-16 03:08:07] [INFO] [EVENTBUSSERVICE] Event bus worker initialized
[2025-11-16 03:08:07] [INFO] [METRICS] Metrics service initialized
[2025-11-16 03:08:07] [INFO] [DEFAULT] Configuration validation passed
[2025-11-16 03:08:07] [INFO] [DEFAULT] Swagger UI available at /api-docs
[2025-11-16 03:08:07] [INFO] [DEFAULT] Allowed origins: http://localhost:3000, http://localhost:3001, https://conmgr.com, http://conmgr.com, http://192.168.80.246
[2025-11-16 03:08:07] [INFO] [DEFAULT] Frontend static files serving enabled
[2025-11-16 03:08:07] [INFO] [RATE-LIMIT] Redis connected for rate limiting
[2025-11-16 03:08:07] [INFO] [QUEUESERVICE] Redis connected
[2025-11-16 03:08:08] [INFO] [DEFAULT] 🚀 Event Manager API server running on port 3000
[2025-11-16 03:08:08] [INFO] [DEFAULT] 📝 Environment: production
[2025-11-16 03:08:08] [INFO] [DEFAULT] 🔒 CORS: configured
[2025-11-16 03:08:08] [INFO] [BACKUP] Scheduled backup service started
[2025-11-16 03:08:09] [INFO] [REQUEST] Request started | {"requestId":"unknown","method":"GET","url":"/api/health","path":"/api/health","query":{},"ip":"::1","userAgent":"curl/8.5.0","userId":"anonymous","user":null}
[2025-11-16 03:08:09] [WARN] [REQUEST] Request completed | {"requestId":"unknown","method":"GET","url":"/health","path":"/health","statusCode":401,"duration":26,"durationCategory":"fast","contentLength":"33","userId":"anonymous","userRole":"none","user":null,"ip":"::1"}
[2025-11-16 03:08:10] [INFO] [REQUEST] Request started | {"requestId":"unknown","method":"POST","url":"/api/csrf-token","path":"/api/csrf-token","query":{},"ip":"::1","userAgent":"curl/8.5.0","userId":"anonymous","user":null}
[2025-11-16 03:08:10] [WARN] [AUTH] CSRF validation failed: Missing token | {"hasHeader":false,"hasCookie":false,"method":"POST","path":"/csrf-token","host":"localhost:3000","ip":"::1","cookies":[],"headers":["host","user-agent","accept"],"requestId":"unknown","user":null}
[2025-11-16 03:08:10] [WARN] [REQUEST] Request completed | {"requestId":"unknown","method":"POST","url":"/csrf-token","path":"/csrf-token","statusCode":403,"duration":11,"durationCategory":"fast","contentLength":"122","userId":"anonymous","userRole":"none","user":null,"ip":"::1"}
[2025-11-16 03:08:16] [INFO] [REQUEST] Request started | {"requestId":"unknown","method":"GET","url":"/api/csrf-token","path":"/api/csrf-token","query":{},"ip":"::1","userAgent":"curl/8.5.0","userId":"anonymous","user":null}
[2025-11-16 03:08:16] [INFO] [REQUEST] Request completed | {"requestId":"unknown","method":"GET","url":"/api/csrf-token","path":"/api/csrf-token","statusCode":200,"duration":5,"durationCategory":"fast","contentLength":"80","userId":"anonymous","userRole":"none","user":null,"ip":"::1"}
[2025-11-16 03:08:16] [INFO] [REQUEST] Request started | {"requestId":"unknown","method":"POST","url":"/api/auth/login","path":"/api/auth/login","query":{},"ip":"::1","userAgent":"curl/8.5.0","userId":"anonymous","user":null}
[2025-11-16 03:08:16] [WARN] [AUTH] CSRF validation failed: Missing token | {"hasHeader":true,"hasCookie":false,"method":"POST","path":"/auth/login","host":"localhost:3000","ip":"::1","cookies":[],"headers":["host","user-agent","accept","content-type","x-csrf-token","content-length"],"requestId":"unknown","user":null}
[2025-11-16 03:08:16] [WARN] [REQUEST] Request completed | {"requestId":"unknown","method":"POST","url":"/auth/login","path":"/auth/login","statusCode":403,"duration":8,"durationCategory":"fast","contentLength":"122","userId":"anonymous","userRole":"none","user":null,"ip":"::1"}
[2025-11-16 03:08:23] [INFO] [REQUEST] Request started | {"requestId":"unknown","method":"GET","url":"/api/csrf-token","path":"/api/csrf-token","query":{},"ip":"::1","userAgent":"curl/8.5.0","userId":"anonymous","user":null}
[2025-11-16 03:08:23] [INFO] [REQUEST] Request completed | {"requestId":"unknown","method":"GET","url":"/api/csrf-token","path":"/api/csrf-token","statusCode":200,"duration":3,"durationCategory":"fast","contentLength":"80","userId":"anonymous","userRole":"none","user":null,"ip":"::1"}
[2025-11-16 03:08:23] [INFO] [REQUEST] Request started | {"requestId":"unknown","method":"POST","url":"/api/auth/login","path":"/api/auth/login","query":{},"ip":"::1","userAgent":"curl/8.5.0","userId":"anonymous","user":null}
[2025-11-16 03:08:24] [ERROR] [AUTH] Login error | {"error":"Invalid credentials","stack":"Error: Invalid credentials\n    at AuthService.login (/var/www/event-manager/dist/services/AuthService.js:49:19)\n    at async login (/var/www/event-manager/dist/controllers/authController.js:24:28)","email":"admin@eventmanager.com","host":"localhost:3000","userAgent":"curl/8.5.0","ip":"::1","csrfHeader":"present","csrfCookie":"present","requestId":"unknown","method":"POST","path":"/login","user":null}
[2025-11-16 03:08:24] [WARN] [REQUEST] Request completed | {"requestId":"unknown","method":"POST","url":"/login","path":"/login","statusCode":401,"duration":803,"durationCategory":"slow","contentLength":"88","userId":"anonymous","userRole":"none","user":null,"ip":"::1"}
[2025-11-16 03:08:33] [INFO] [REQUEST] Request started | {"requestId":"unknown","method":"GET","url":"/api/csrf-token","path":"/api/csrf-token","query":{},"ip":"::1","userAgent":"curl/8.5.0","userId":"anonymous","user":null}
[2025-11-16 03:08:33] [INFO] [REQUEST] Request completed | {"requestId":"unknown","method":"GET","url":"/api/csrf-token","path":"/api/csrf-token","statusCode":200,"duration":3,"durationCategory":"fast","contentLength":"80","userId":"anonymous","userRole":"none","user":null,"ip":"::1"}
[2025-11-16 03:08:33] [INFO] [REQUEST] Request started | {"requestId":"unknown","method":"POST","url":"/api/auth/login","path":"/api/auth/login","query":{},"ip":"::1","userAgent":"curl/8.5.0","userId":"anonymous","user":null}
[2025-11-16 03:08:34] [ERROR] [AUTH] Login error | {"error":"Invalid credentials","stack":"Error: Invalid credentials\n    at AuthService.login (/var/www/event-manager/dist/services/AuthService.js:49:19)\n    at async login (/var/www/event-manager/dist/controllers/authController.js:24:28)","email":"admin@eventmanager.com","host":"localhost:3000","userAgent":"curl/8.5.0","ip":"::1","csrfHeader":"present","csrfCookie":"present","requestId":"unknown","method":"POST","path":"/login","user":null}
[2025-11-16 03:08:34] [WARN] [REQUEST] Request completed | {"requestId":"unknown","method":"POST","url":"/login","path":"/login","statusCode":401,"duration":717,"durationCategory":"slow","contentLength":"88","userId":"anonymous","userRole":"none","user":null,"ip":"::1"}
[2025-11-16 03:12:48] [INFO] [QUEUESERVICE] Worker created | {"queue":"app-events","concurrency":5}
[2025-11-16 03:12:48] [INFO] [EVENTBUSSERVICE] Event bus worker initialized
[2025-11-16 03:12:48] [INFO] [METRICS] Metrics service initialized
[2025-11-16 03:12:48] [INFO] [DEFAULT] Allowed origins: http://localhost:3000, http://localhost:3001, https://conmgr.com, http://conmgr.com, http://192.168.80.246
[2025-11-16 03:12:48] [INFO] [DEFAULT] Configuration validation passed
[2025-11-16 03:12:48] [INFO] [DEFAULT] Swagger UI available at /api-docs
[2025-11-16 03:12:48] [INFO] [DEFAULT] Frontend static files serving enabled
[2025-11-16 03:12:48] [INFO] [RATE-LIMIT] Redis connected for rate limiting
[2025-11-16 03:12:48] [INFO] [QUEUESERVICE] Redis connected
[2025-11-16 03:12:48] [INFO] [DEFAULT] 📝 Environment: production
[2025-11-16 03:12:48] [INFO] [DEFAULT] 🔒 CORS: configured
[2025-11-16 03:12:48] [INFO] [DEFAULT] 🚀 Event Manager API server running on port 3000
[2025-11-16 03:12:48] [INFO] [BACKUP] Scheduled backup service started
[2025-11-16 04:12:06] [INFO] [REQUEST] Request started | {"requestId":"unknown","method":"GET","url":"/api/csrf-token","path":"/api/csrf-token","query":{},"ip":"::1","userAgent":"curl/8.5.0","userId":"anonymous","user":null}
[2025-11-16 04:12:06] [INFO] [REQUEST] Request completed | {"requestId":"unknown","method":"GET","url":"/api/csrf-token","path":"/api/csrf-token","statusCode":200,"duration":17,"durationCategory":"fast","contentLength":"80","userId":"anonymous","userRole":"none","user":null,"ip":"::1"}
[2025-11-16 04:13:02] [INFO] [REQUEST] Request started | {"requestId":"unknown","method":"GET","url":"/api/settings/theme","path":"/api/settings/theme","query":{},"ip":"::1","userAgent":"curl/8.5.0","userId":"anonymous","user":null}
[2025-11-16 04:13:02] [INFO] [REQUEST] Request completed | {"requestId":"unknown","method":"GET","url":"/theme","path":"/theme","statusCode":200,"duration":62,"durationCategory":"fast","contentLength":"893","userId":"anonymous","userRole":"none","user":null,"ip":"::1"}
[2025-11-16 04:14:00] [INFO] [REQUEST] Request started | {"requestId":"unknown","method":"GET","url":"/api/csrf-token","path":"/api/csrf-token","query":{},"ip":"::1","userAgent":"curl/8.5.0","userId":"anonymous","user":null}
[2025-11-16 04:14:00] [INFO] [REQUEST] Request completed | {"requestId":"unknown","method":"GET","url":"/api/csrf-token","path":"/api/csrf-token","statusCode":200,"duration":3,"durationCategory":"fast","contentLength":"80","userId":"anonymous","userRole":"none","user":null,"ip":"::1"}
[2025-11-16 04:15:01] [ERROR] [ERROR] Request error occurred | {"requestId":"unknown","method":"POST","url":"/api/auth/login","error":"Bad escaped character in JSON at position 51","stack":"SyntaxError: Bad escaped character in JSON at position 51\n    at JSON.parse (<anonymous>)\n    at parse (/var/www/event-manager/node_modules/body-parser/lib/types/json.js:92:19)\n    at /var/www/event-manager/node_modules/body-parser/lib/read.js:128:18\n    at AsyncResource.runInAsyncScope (node:async_hooks:206:9)\n    at invokeCallback (/var/www/event-manager/node_modules/raw-body/index.js:238:16)\n    at done (/var/www/event-manager/node_modules/raw-body/index.js:227:7)\n    at IncomingMessage.onEnd (/var/www/event-manager/node_modules/raw-body/index.js:287:7)\n    at IncomingMessage.emit (node:events:524:28)\n    at endReadableNT (node:internal/streams/readable:1698:12)\n    at process.processTicksAndRejections (node:internal/process/task_queues:82:21)","userId":"anonymous","statusCode":400,"path":"/api/auth/login","user":null,"ip":"::1"}
[2025-11-16 04:17:00] [INFO] [REQUEST] Request started | {"requestId":"unknown","method":"POST","url":"/api/auth/login","path":"/api/auth/login","query":{},"ip":"::1","userAgent":"curl/8.5.0","userId":"anonymous","user":null}
[2025-11-16 04:17:01] [ERROR] [AUTH] Login error | {"error":"Invalid credentials","stack":"Error: Invalid credentials\n    at AuthService.login (/var/www/event-manager/dist/services/AuthService.js:49:19)\n    at async login (/var/www/event-manager/dist/controllers/authController.js:24:28)","email":"admin@emailtest.com","host":"localhost:3000","userAgent":"curl/8.5.0","ip":"::1","csrfHeader":"present","csrfCookie":"present","requestId":"unknown","method":"POST","path":"/login","user":null}
[2025-11-16 04:17:01] [WARN] [REQUEST] Request completed | {"requestId":"unknown","method":"POST","url":"/login","path":"/login","statusCode":401,"duration":222,"durationCategory":"normal","contentLength":"88","userId":"anonymous","userRole":"none","user":null,"ip":"::1"}
[2025-11-16 04:37:00] [INFO] [REQUEST] Request started | {"requestId":"unknown","method":"GET","url":"/api/settings/theme","path":"/api/settings/theme","query":{},"ip":"::1","userAgent":"curl/8.5.0","userId":"anonymous","user":null}
[2025-11-16 04:37:00] [INFO] [REQUEST] Request completed | {"requestId":"unknown","method":"GET","url":"/theme","path":"/theme","statusCode":200,"duration":53,"durationCategory":"fast","contentLength":"893","userId":"anonymous","userRole":"none","user":null,"ip":"::1"}
[2025-11-16 05:29:00] [INFO] [REQUEST] Request started | {"requestId":"unknown","method":"GET","url":"/api/.env","path":"/api/.env","query":{},"ip":"192.168.80.140","userAgent":"Mozilla/5.0 (Windows NT 6.1; Win64; x64) AppleWebKit/537.36 (KHTML, like Gecko) Chrome/60.0.3112.78 Safari/537.36 OPR/47.0.2631.39","userId":"anonymous","user":null}
[2025-11-16 05:29:00] [WARN] [DEFAULT] Tenant not found: 107
[2025-11-16 05:29:00] [WARN] [REQUEST] Request completed | {"requestId":"unknown","method":"GET","url":"/.env","path":"/.env","statusCode":404,"duration":46,"durationCategory":"fast","contentLength":"101","userId":"anonymous","userRole":"none","user":null,"ip":"192.168.80.140"}
[2025-11-16 06:27:27] [INFO] [REQUEST] Request started | {"requestId":"unknown","method":"GET","url":"/api/settings/theme","path":"/api/settings/theme","query":{},"ip":"192.168.80.140","userAgent":"Mozilla/5.0 (Linux; Android 11; Redmi Note 8 Pro) AppleWebKit/537.36 (KHTML, like Gecko) Chrome/101.0.4951.61 Mobile Safari/537.36","userId":"anonymous","user":null}
[2025-11-16 06:27:27] [INFO] [REQUEST] Request completed | {"requestId":"unknown","method":"GET","url":"/theme","path":"/theme","statusCode":200,"duration":54,"durationCategory":"fast","contentLength":"893","userId":"anonymous","userRole":"none","user":null,"ip":"192.168.80.140"}
[2025-11-16 06:27:27] [INFO] [REQUEST] Request started | {"requestId":"unknown","method":"GET","url":"/api/settings/theme","path":"/api/settings/theme","query":{},"ip":"192.168.80.140","userAgent":"Mozilla/5.0 (Linux; Android 11; Redmi Note 8 Pro) AppleWebKit/537.36 (KHTML, like Gecko) Chrome/101.0.4951.61 Mobile Safari/537.36","userId":"anonymous","user":null}
[2025-11-16 06:27:27] [INFO] [REQUEST] Request completed | {"requestId":"unknown","method":"GET","url":"/theme","path":"/theme","statusCode":200,"duration":12,"durationCategory":"fast","contentLength":"893","userId":"anonymous","userRole":"none","user":null,"ip":"192.168.80.140"}
[2025-11-16 12:02:54] [INFO] [REQUEST] Request started | {"requestId":"unknown","method":"GET","url":"/api/auth/profile","path":"/api/auth/profile","query":{},"ip":"192.168.80.140","userAgent":"Mozilla/5.0 (Linux; Android 10; K) AppleWebKit/537.36 (KHTML, like Gecko) Chrome/142.0.0.0 Mobile Safari/537.36","userId":"anonymous","user":null}
[2025-11-16 12:02:54] [INFO] [REQUEST] Request started | {"requestId":"unknown","method":"GET","url":"/api/settings/theme","path":"/api/settings/theme","query":{},"ip":"192.168.80.140","userAgent":"Mozilla/5.0 (Linux; Android 10; K) AppleWebKit/537.36 (KHTML, like Gecko) Chrome/142.0.0.0 Mobile Safari/537.36","userId":"anonymous","user":null}
[2025-11-16 12:02:54] [WARN] [REQUEST] Request completed | {"requestId":"unknown","method":"GET","url":"/profile","path":"/profile","statusCode":401,"duration":71,"durationCategory":"fast","contentLength":"59","userId":"anonymous","userRole":"none","user":null,"ip":"192.168.80.140"}
[2025-11-16 12:02:54] [INFO] [REQUEST] Request completed | {"requestId":"unknown","method":"GET","url":"/theme","path":"/theme","statusCode":200,"duration":74,"durationCategory":"fast","contentLength":"893","userId":"anonymous","userRole":"none","user":null,"ip":"192.168.80.140"}
[2025-11-16 12:02:54] [INFO] [REQUEST] Request started | {"requestId":"unknown","method":"GET","url":"/api/auth/profile","path":"/api/auth/profile","query":{},"ip":"192.168.80.140","userAgent":"Mozilla/5.0 (Linux; Android 10; K) AppleWebKit/537.36 (KHTML, like Gecko) Chrome/142.0.0.0 Mobile Safari/537.36","userId":"anonymous","user":null}
[2025-11-16 12:02:54] [WARN] [REQUEST] Request completed | {"requestId":"unknown","method":"GET","url":"/profile","path":"/profile","statusCode":401,"duration":10,"durationCategory":"fast","contentLength":"59","userId":"anonymous","userRole":"none","user":null,"ip":"192.168.80.140"}
[2025-11-16 12:02:54] [INFO] [REQUEST] Request started | {"requestId":"unknown","method":"GET","url":"/api/settings/theme","path":"/api/settings/theme","query":{},"ip":"192.168.80.140","userAgent":"Mozilla/5.0 (Linux; Android 10; K) AppleWebKit/537.36 (KHTML, like Gecko) Chrome/142.0.0.0 Mobile Safari/537.36","userId":"anonymous","user":null}
[2025-11-16 12:02:54] [INFO] [REQUEST] Request completed | {"requestId":"unknown","method":"GET","url":"/theme","path":"/theme","statusCode":200,"duration":13,"durationCategory":"fast","contentLength":"893","userId":"anonymous","userRole":"none","user":null,"ip":"192.168.80.140"}
[2025-11-16 12:02:54] [INFO] [REQUEST] Request started | {"requestId":"unknown","method":"GET","url":"/api/settings/theme","path":"/api/settings/theme","query":{},"ip":"192.168.80.140","userAgent":"Mozilla/5.0 (Linux; Android 10; K) AppleWebKit/537.36 (KHTML, like Gecko) Chrome/142.0.0.0 Mobile Safari/537.36","userId":"anonymous","user":null}
[2025-11-16 12:02:54] [INFO] [REQUEST] Request completed | {"requestId":"unknown","method":"GET","url":"/theme","path":"/theme","statusCode":200,"duration":9,"durationCategory":"fast","contentLength":"893","userId":"anonymous","userRole":"none","user":null,"ip":"192.168.80.140"}
[2025-11-16 12:02:54] [INFO] [REQUEST] Request started | {"requestId":"unknown","method":"GET","url":"/api/settings/theme","path":"/api/settings/theme","query":{},"ip":"192.168.80.140","userAgent":"Mozilla/5.0 (Linux; Android 10; K) AppleWebKit/537.36 (KHTML, like Gecko) Chrome/142.0.0.0 Mobile Safari/537.36","userId":"anonymous","user":null}
[2025-11-16 12:02:54] [INFO] [REQUEST] Request completed | {"requestId":"unknown","method":"GET","url":"/theme","path":"/theme","statusCode":200,"duration":10,"durationCategory":"fast","contentLength":"893","userId":"anonymous","userRole":"none","user":null,"ip":"192.168.80.140"}
[2025-11-16 12:13:17] [INFO] [REQUEST] Request started | {"requestId":"unknown","method":"GET","url":"/api/auth/profile","path":"/api/auth/profile","query":{},"ip":"192.168.80.140","userAgent":"Mozilla/5.0 (Macintosh; Intel Mac OS X 10.15; rv:145.0) Gecko/20100101 Firefox/145.0","userId":"anonymous","user":null}
[2025-11-16 12:13:17] [INFO] [REQUEST] Request started | {"requestId":"unknown","method":"GET","url":"/api/settings/theme","path":"/api/settings/theme","query":{},"ip":"192.168.80.140","userAgent":"Mozilla/5.0 (Macintosh; Intel Mac OS X 10.15; rv:145.0) Gecko/20100101 Firefox/145.0","userId":"anonymous","user":null}
[2025-11-16 12:13:17] [INFO] [REQUEST] Request started | {"requestId":"unknown","method":"GET","url":"/api/auth/profile","path":"/api/auth/profile","query":{},"ip":"192.168.80.140","userAgent":"Mozilla/5.0 (Macintosh; Intel Mac OS X 10.15; rv:145.0) Gecko/20100101 Firefox/145.0","userId":"anonymous","user":null}
[2025-11-16 12:13:17] [INFO] [REQUEST] Request started | {"requestId":"unknown","method":"GET","url":"/api/settings/theme","path":"/api/settings/theme","query":{},"ip":"192.168.80.140","userAgent":"Mozilla/5.0 (Macintosh; Intel Mac OS X 10.15; rv:145.0) Gecko/20100101 Firefox/145.0","userId":"anonymous","user":null}
[2025-11-16 12:13:17] [WARN] [REQUEST] Request completed | {"requestId":"unknown","method":"GET","url":"/profile","path":"/profile","statusCode":401,"duration":86,"durationCategory":"fast","contentLength":"59","userId":"anonymous","userRole":"none","user":null,"ip":"192.168.80.140"}
[2025-11-16 12:13:17] [WARN] [REQUEST] Request completed | {"requestId":"unknown","method":"GET","url":"/profile","path":"/profile","statusCode":401,"duration":82,"durationCategory":"fast","contentLength":"59","userId":"anonymous","userRole":"none","user":null,"ip":"192.168.80.140"}
[2025-11-16 12:13:17] [INFO] [REQUEST] Request completed | {"requestId":"unknown","method":"GET","url":"/theme","path":"/theme","statusCode":200,"duration":96,"durationCategory":"fast","contentLength":"893","userId":"anonymous","userRole":"none","user":null,"ip":"192.168.80.140"}
[2025-11-16 12:13:17] [INFO] [REQUEST] Request completed | {"requestId":"unknown","method":"GET","url":"/theme","path":"/theme","statusCode":200,"duration":90,"durationCategory":"fast","contentLength":"893","userId":"anonymous","userRole":"none","user":null,"ip":"192.168.80.140"}
[2025-11-16 12:13:17] [INFO] [REQUEST] Request started | {"requestId":"unknown","method":"GET","url":"/api/settings/theme","path":"/api/settings/theme","query":{},"ip":"192.168.80.140","userAgent":"Mozilla/5.0 (Macintosh; Intel Mac OS X 10.15; rv:145.0) Gecko/20100101 Firefox/145.0","userId":"anonymous","user":null}
[2025-11-16 12:13:17] [INFO] [REQUEST] Request started | {"requestId":"unknown","method":"GET","url":"/api/settings/theme","path":"/api/settings/theme","query":{},"ip":"192.168.80.140","userAgent":"Mozilla/5.0 (Macintosh; Intel Mac OS X 10.15; rv:145.0) Gecko/20100101 Firefox/145.0","userId":"anonymous","user":null}
[2025-11-16 12:13:17] [INFO] [REQUEST] Request completed | {"requestId":"unknown","method":"GET","url":"/theme","path":"/theme","statusCode":200,"duration":11,"durationCategory":"fast","contentLength":"893","userId":"anonymous","userRole":"none","user":null,"ip":"192.168.80.140"}
[2025-11-16 12:13:17] [INFO] [REQUEST] Request completed | {"requestId":"unknown","method":"GET","url":"/theme","path":"/theme","statusCode":200,"duration":18,"durationCategory":"fast","contentLength":"893","userId":"anonymous","userRole":"none","user":null,"ip":"192.168.80.140"}
[2025-11-16 12:13:30] [INFO] [REQUEST] Request started | {"requestId":"unknown","method":"GET","url":"/api/settings/theme","path":"/api/settings/theme","query":{},"ip":"192.168.80.140","userAgent":"Mozilla/5.0 (Macintosh; Intel Mac OS X 10.15; rv:145.0) Gecko/20100101 Firefox/145.0","userId":"anonymous","user":null}
[2025-11-16 12:13:30] [INFO] [REQUEST] Request completed | {"requestId":"unknown","method":"GET","url":"/theme","path":"/theme","statusCode":200,"duration":9,"durationCategory":"fast","contentLength":"893","userId":"anonymous","userRole":"none","user":null,"ip":"192.168.80.140"}
[2025-11-16 12:13:30] [INFO] [REQUEST] Request started | {"requestId":"unknown","method":"GET","url":"/api/settings/theme","path":"/api/settings/theme","query":{},"ip":"192.168.80.140","userAgent":"Mozilla/5.0 (Macintosh; Intel Mac OS X 10.15; rv:145.0) Gecko/20100101 Firefox/145.0","userId":"anonymous","user":null}
[2025-11-16 12:13:30] [INFO] [REQUEST] Request completed | {"requestId":"unknown","method":"GET","url":"/theme","path":"/theme","statusCode":200,"duration":11,"durationCategory":"fast","contentLength":"893","userId":"anonymous","userRole":"none","user":null,"ip":"192.168.80.140"}
[2025-11-16 12:13:54] [INFO] [QUEUESERVICE] Worker created | {"queue":"app-events","concurrency":5}
[2025-11-16 12:13:54] [INFO] [DEFAULT] Configuration validation passed
[2025-11-16 12:13:54] [INFO] [EVENTBUSSERVICE] Event bus worker initialized
[2025-11-16 12:13:54] [INFO] [METRICS] Metrics service initialized
[2025-11-16 12:13:54] [INFO] [DEFAULT] Allowed origins: http://localhost:3000, http://localhost:3001, https://conmgr.com, http://conmgr.com, http://192.168.80.246
[2025-11-16 12:13:54] [INFO] [DEFAULT] Frontend static files serving enabled
[2025-11-16 12:13:54] [INFO] [DEFAULT] Swagger UI available at /api-docs
[2025-11-16 12:13:54] [INFO] [RATE-LIMIT] Redis connected for rate limiting
[2025-11-16 12:13:54] [INFO] [QUEUESERVICE] Redis connected
[2025-11-16 12:13:54] [INFO] [DEFAULT] 📝 Environment: production
[2025-11-16 12:13:54] [INFO] [DEFAULT] 🚀 Event Manager API server running on port 3000
[2025-11-16 12:13:54] [INFO] [DEFAULT] 🔒 CORS: configured
[2025-11-16 12:13:54] [INFO] [BACKUP] Scheduled backup service started
[2025-11-16 12:14:56] [INFO] [REQUEST] Request started | {"requestId":"unknown","method":"GET","url":"/api/settings/theme","path":"/api/settings/theme","query":{},"ip":"192.168.80.140","userAgent":"Mozilla/5.0 (Macintosh; Intel Mac OS X 10.15; rv:145.0) Gecko/20100101 Firefox/145.0","userId":"anonymous","user":null}
[2025-11-16 12:14:56] [INFO] [REQUEST] Request completed | {"requestId":"unknown","method":"GET","url":"/theme","path":"/theme","statusCode":200,"duration":39,"durationCategory":"fast","contentLength":"893","userId":"anonymous","userRole":"none","user":null,"ip":"192.168.80.140"}
[2025-11-16 12:14:56] [INFO] [REQUEST] Request started | {"requestId":"unknown","method":"GET","url":"/api/settings/theme","path":"/api/settings/theme","query":{},"ip":"192.168.80.140","userAgent":"Mozilla/5.0 (Macintosh; Intel Mac OS X 10.15; rv:145.0) Gecko/20100101 Firefox/145.0","userId":"anonymous","user":null}
[2025-11-16 12:14:56] [INFO] [REQUEST] Request completed | {"requestId":"unknown","method":"GET","url":"/theme","path":"/theme","statusCode":200,"duration":13,"durationCategory":"fast","contentLength":"893","userId":"anonymous","userRole":"none","user":null,"ip":"192.168.80.140"}
[2025-11-16 12:15:18] [INFO] [REQUEST] Request started | {"requestId":"unknown","method":"GET","url":"/api/csrf-token","path":"/api/csrf-token","query":{},"ip":"192.168.80.140","userAgent":"Mozilla/5.0 (Macintosh; Intel Mac OS X 10.15; rv:145.0) Gecko/20100101 Firefox/145.0","userId":"anonymous","user":null}
[2025-11-16 12:15:18] [INFO] [REQUEST] Request completed | {"requestId":"unknown","method":"GET","url":"/api/csrf-token","path":"/api/csrf-token","statusCode":200,"duration":4,"durationCategory":"fast","contentLength":"80","userId":"anonymous","userRole":"none","user":null,"ip":"192.168.80.140"}
[2025-11-16 12:15:18] [INFO] [REQUEST] Request started | {"requestId":"unknown","method":"POST","url":"/api/auth/login","path":"/api/auth/login","query":{},"ip":"192.168.80.140","userAgent":"Mozilla/5.0 (Macintosh; Intel Mac OS X 10.15; rv:145.0) Gecko/20100101 Firefox/145.0","userId":"anonymous","user":null}
[2025-11-16 12:15:18] [INFO] [AUTH] Login successful | {"userId":"cmhtexnb800008c275jyqkbyc","email":"admin@eventmanager.com","role":"ADMIN","requestId":"unknown","method":"POST","path":"/login","user":null,"ip":"192.168.80.140"}
[2025-11-16 12:15:18] [INFO] [REQUEST] Request completed | {"requestId":"unknown","method":"POST","url":"/login","path":"/login","statusCode":200,"duration":759,"durationCategory":"slow","contentLength":"679","userId":"anonymous","userRole":"none","user":null,"ip":"192.168.80.140"}
[2025-11-16 12:15:19] [INFO] [REQUEST] Request started | {"requestId":"unknown","method":"GET","url":"/api/admin/stats","path":"/api/admin/stats","query":{},"ip":"192.168.80.140","userAgent":"Mozilla/5.0 (Macintosh; Intel Mac OS X 10.15; rv:145.0) Gecko/20100101 Firefox/145.0","userId":"anonymous","user":null}
[2025-11-16 12:15:19] [INFO] [REQUEST] Request started | {"requestId":"unknown","method":"GET","url":"/api/admin/logs","path":"/api/admin/logs","query":{},"ip":"192.168.80.140","userAgent":"Mozilla/5.0 (Macintosh; Intel Mac OS X 10.15; rv:145.0) Gecko/20100101 Firefox/145.0","userId":"anonymous","user":null}
[2025-11-16 12:15:19] [INFO] [REQUEST] Request completed | {"requestId":"unknown","method":"GET","url":"/logs","path":"/logs","statusCode":200,"duration":208,"durationCategory":"normal","contentLength":0,"userId":"cmhtexnb800008c275jyqkbyc","userRole":"ADMIN","user":{"id":"cmhtexnb800008c275jyqkbyc","email":"admin@eventmanager.com","role":"ADMIN"},"ip":"192.168.80.140"}
[2025-11-16 12:15:19] [INFO] [REQUEST] Request completed | {"requestId":"unknown","method":"GET","url":"/stats","path":"/stats","statusCode":200,"duration":282,"durationCategory":"normal","contentLength":"408","userId":"cmhtexnb800008c275jyqkbyc","userRole":"ADMIN","user":{"id":"cmhtexnb800008c275jyqkbyc","email":"admin@eventmanager.com","role":"ADMIN"},"ip":"192.168.80.140"}
[2025-11-16 12:16:14] [INFO] [REQUEST] Request started | {"requestId":"unknown","method":"GET","url":"/api/auth/profile","path":"/api/auth/profile","query":{},"ip":"192.168.80.140","userAgent":"Mozilla/5.0 (Macintosh; Intel Mac OS X 10.15; rv:145.0) Gecko/20100101 Firefox/145.0","userId":"anonymous","user":null}
[2025-11-16 12:16:14] [INFO] [REQUEST] Request completed | {"requestId":"unknown","method":"GET","url":"/profile","path":"/profile","statusCode":200,"duration":26,"durationCategory":"fast","contentLength":"378","userId":"cmhtexnb800008c275jyqkbyc","userRole":"ADMIN","user":{"id":"cmhtexnb800008c275jyqkbyc","email":"admin@eventmanager.com","role":"ADMIN"},"ip":"192.168.80.140"}
[2025-11-16 12:16:14] [INFO] [REQUEST] Request started | {"requestId":"unknown","method":"GET","url":"/api/settings/theme","path":"/api/settings/theme","query":{},"ip":"192.168.80.140","userAgent":"Mozilla/5.0 (Macintosh; Intel Mac OS X 10.15; rv:145.0) Gecko/20100101 Firefox/145.0","userId":"anonymous","user":null}
[2025-11-16 12:16:14] [INFO] [REQUEST] Request started | {"requestId":"unknown","method":"GET","url":"/api/auth/profile","path":"/api/auth/profile","query":{},"ip":"192.168.80.140","userAgent":"Mozilla/5.0 (Macintosh; Intel Mac OS X 10.15; rv:145.0) Gecko/20100101 Firefox/145.0","userId":"anonymous","user":null}
[2025-11-16 12:16:14] [INFO] [REQUEST] Request started | {"requestId":"unknown","method":"GET","url":"/api/settings/theme","path":"/api/settings/theme","query":{},"ip":"192.168.80.140","userAgent":"Mozilla/5.0 (Macintosh; Intel Mac OS X 10.15; rv:145.0) Gecko/20100101 Firefox/145.0","userId":"anonymous","user":null}
[2025-11-16 12:16:14] [INFO] [REQUEST] Request completed | {"requestId":"unknown","method":"GET","url":"/theme","path":"/theme","statusCode":200,"duration":20,"durationCategory":"fast","contentLength":"893","userId":"anonymous","userRole":"none","user":null,"ip":"192.168.80.140"}
[2025-11-16 12:16:14] [INFO] [REQUEST] Request completed | {"requestId":"unknown","method":"GET","url":"/profile","path":"/profile","statusCode":200,"duration":24,"durationCategory":"fast","contentLength":"378","userId":"cmhtexnb800008c275jyqkbyc","userRole":"ADMIN","user":{"id":"cmhtexnb800008c275jyqkbyc","email":"admin@eventmanager.com","role":"ADMIN"},"ip":"192.168.80.140"}
[2025-11-16 12:16:14] [INFO] [REQUEST] Request completed | {"requestId":"unknown","method":"GET","url":"/theme","path":"/theme","statusCode":200,"duration":22,"durationCategory":"fast","contentLength":"893","userId":"anonymous","userRole":"none","user":null,"ip":"192.168.80.140"}
[2025-11-16 12:16:14] [INFO] [REQUEST] Request started | {"requestId":"unknown","method":"GET","url":"/api/admin/logs","path":"/api/admin/logs","query":{},"ip":"192.168.80.140","userAgent":"Mozilla/5.0 (Macintosh; Intel Mac OS X 10.15; rv:145.0) Gecko/20100101 Firefox/145.0","userId":"anonymous","user":null}
[2025-11-16 12:16:14] [INFO] [REQUEST] Request started | {"requestId":"unknown","method":"GET","url":"/api/admin/stats","path":"/api/admin/stats","query":{},"ip":"192.168.80.140","userAgent":"Mozilla/5.0 (Macintosh; Intel Mac OS X 10.15; rv:145.0) Gecko/20100101 Firefox/145.0","userId":"anonymous","user":null}
[2025-11-16 12:16:14] [INFO] [REQUEST] Request completed | {"requestId":"unknown","method":"GET","url":"/logs","path":"/logs","statusCode":200,"duration":52,"durationCategory":"fast","contentLength":0,"userId":"cmhtexnb800008c275jyqkbyc","userRole":"ADMIN","user":{"id":"cmhtexnb800008c275jyqkbyc","email":"admin@eventmanager.com","role":"ADMIN"},"ip":"192.168.80.140"}
[2025-11-16 12:16:14] [INFO] [REQUEST] Request completed | {"requestId":"unknown","method":"GET","url":"/stats","path":"/stats","statusCode":200,"duration":77,"durationCategory":"fast","contentLength":"409","userId":"cmhtexnb800008c275jyqkbyc","userRole":"ADMIN","user":{"id":"cmhtexnb800008c275jyqkbyc","email":"admin@eventmanager.com","role":"ADMIN"},"ip":"192.168.80.140"}
[2025-11-16 12:25:41] [INFO] [REQUEST] Request started | {"requestId":"unknown","method":"GET","url":"/api/settings/public","path":"/api/settings/public","query":{},"ip":"::1","userAgent":"curl/8.5.0","userId":"anonymous","user":null}
[2025-11-16 12:25:41] [INFO] [REQUEST] Request completed | {"requestId":"unknown","method":"GET","url":"/public","path":"/public","statusCode":200,"duration":56,"durationCategory":"fast","contentLength":"239","userId":"anonymous","userRole":"none","user":null,"ip":"::1"}
[2025-11-16 12:54:36] [INFO] [REQUEST] Request started | {"requestId":"unknown","method":"GET","url":"/api/settings/public","path":"/api/settings/public","query":{},"ip":"192.168.80.140","userAgent":"Mozilla/5.0 (Macintosh; Intel Mac OS X 10.15; rv:145.0) Gecko/20100101 Firefox/145.0","userId":"anonymous","user":null}
[2025-11-16 12:54:36] [INFO] [REQUEST] Request started | {"requestId":"unknown","method":"GET","url":"/api/settings/theme","path":"/api/settings/theme","query":{},"ip":"192.168.80.140","userAgent":"Mozilla/5.0 (Macintosh; Intel Mac OS X 10.15; rv:145.0) Gecko/20100101 Firefox/145.0","userId":"anonymous","user":null}
[2025-11-16 12:54:36] [INFO] [REQUEST] Request completed | {"requestId":"unknown","method":"GET","url":"/public","path":"/public","statusCode":200,"duration":53,"durationCategory":"fast","contentLength":"239","userId":"anonymous","userRole":"none","user":null,"ip":"192.168.80.140"}
[2025-11-16 12:54:36] [INFO] [REQUEST] Request started | {"requestId":"unknown","method":"GET","url":"/api/settings/public","path":"/api/settings/public","query":{},"ip":"192.168.80.140","userAgent":"Mozilla/5.0 (Macintosh; Intel Mac OS X 10.15; rv:145.0) Gecko/20100101 Firefox/145.0","userId":"anonymous","user":null}
[2025-11-16 12:54:36] [INFO] [REQUEST] Request completed | {"requestId":"unknown","method":"GET","url":"/theme","path":"/theme","statusCode":200,"duration":20,"durationCategory":"fast","contentLength":"893","userId":"anonymous","userRole":"none","user":null,"ip":"192.168.80.140"}
[2025-11-16 12:54:36] [INFO] [REQUEST] Request started | {"requestId":"unknown","method":"GET","url":"/api/settings/theme","path":"/api/settings/theme","query":{},"ip":"192.168.80.140","userAgent":"Mozilla/5.0 (Macintosh; Intel Mac OS X 10.15; rv:145.0) Gecko/20100101 Firefox/145.0","userId":"anonymous","user":null}
[2025-11-16 12:54:36] [INFO] [REQUEST] Request completed | {"requestId":"unknown","method":"GET","url":"/public","path":"/public","statusCode":200,"duration":51,"durationCategory":"fast","contentLength":"239","userId":"anonymous","userRole":"none","user":null,"ip":"192.168.80.140"}
[2025-11-16 12:54:36] [INFO] [REQUEST] Request completed | {"requestId":"unknown","method":"GET","url":"/theme","path":"/theme","statusCode":200,"duration":81,"durationCategory":"fast","contentLength":"893","userId":"anonymous","userRole":"none","user":null,"ip":"192.168.80.140"}
[2025-11-16 12:55:18] [INFO] [REQUEST] Request started | {"requestId":"unknown","method":"GET","url":"/api/csrf-token","path":"/api/csrf-token","query":{},"ip":"192.168.80.140","userAgent":"Mozilla/5.0 (Macintosh; Intel Mac OS X 10.15; rv:145.0) Gecko/20100101 Firefox/145.0","userId":"anonymous","user":null}
[2025-11-16 12:55:18] [INFO] [REQUEST] Request completed | {"requestId":"unknown","method":"GET","url":"/api/csrf-token","path":"/api/csrf-token","statusCode":200,"duration":8,"durationCategory":"fast","contentLength":"80","userId":"anonymous","userRole":"none","user":null,"ip":"192.168.80.140"}
[2025-11-16 12:55:18] [INFO] [REQUEST] Request started | {"requestId":"unknown","method":"POST","url":"/api/auth/login","path":"/api/auth/login","query":{},"ip":"192.168.80.140","userAgent":"Mozilla/5.0 (Macintosh; Intel Mac OS X 10.15; rv:145.0) Gecko/20100101 Firefox/145.0","userId":"anonymous","user":null}
[2025-11-16 12:55:18] [INFO] [AUTH] Login successful | {"userId":"cmhtexnb800008c275jyqkbyc","email":"admin@eventmanager.com","role":"ADMIN","requestId":"unknown","method":"POST","path":"/login","user":null,"ip":"192.168.80.140"}
[2025-11-16 12:55:18] [INFO] [REQUEST] Request completed | {"requestId":"unknown","method":"POST","url":"/login","path":"/login","statusCode":200,"duration":669,"durationCategory":"slow","contentLength":"679","userId":"anonymous","userRole":"none","user":null,"ip":"192.168.80.140"}
[2025-11-16 12:55:18] [INFO] [REQUEST] Request started | {"requestId":"unknown","method":"GET","url":"/api/admin/stats","path":"/api/admin/stats","query":{},"ip":"192.168.80.140","userAgent":"Mozilla/5.0 (Macintosh; Intel Mac OS X 10.15; rv:145.0) Gecko/20100101 Firefox/145.0","userId":"anonymous","user":null}
[2025-11-16 12:55:19] [INFO] [REQUEST] Request started | {"requestId":"unknown","method":"GET","url":"/api/admin/logs","path":"/api/admin/logs","query":{},"ip":"192.168.80.140","userAgent":"Mozilla/5.0 (Macintosh; Intel Mac OS X 10.15; rv:145.0) Gecko/20100101 Firefox/145.0","userId":"anonymous","user":null}
[2025-11-16 12:55:19] [INFO] [REQUEST] Request completed | {"requestId":"unknown","method":"GET","url":"/stats","path":"/stats","statusCode":200,"duration":146,"durationCategory":"normal","contentLength":"411","userId":"cmhtexnb800008c275jyqkbyc","userRole":"ADMIN","user":{"id":"cmhtexnb800008c275jyqkbyc","email":"admin@eventmanager.com","role":"ADMIN"},"ip":"192.168.80.140"}
[2025-11-16 12:55:19] [INFO] [REQUEST] Request completed | {"requestId":"unknown","method":"GET","url":"/logs","path":"/logs","statusCode":200,"duration":122,"durationCategory":"normal","contentLength":0,"userId":"cmhtexnb800008c275jyqkbyc","userRole":"ADMIN","user":{"id":"cmhtexnb800008c275jyqkbyc","email":"admin@eventmanager.com","role":"ADMIN"},"ip":"192.168.80.140"}
[2025-11-16 12:55:35] [INFO] [REQUEST] Request started | {"requestId":"unknown","method":"GET","url":"/api/auth/profile","path":"/api/auth/profile","query":{},"ip":"192.168.80.140","userAgent":"Mozilla/5.0 (Macintosh; Intel Mac OS X 10.15; rv:145.0) Gecko/20100101 Firefox/145.0","userId":"anonymous","user":null}
[2025-11-16 12:55:35] [INFO] [REQUEST] Request started | {"requestId":"unknown","method":"GET","url":"/api/settings/theme","path":"/api/settings/theme","query":{},"ip":"192.168.80.140","userAgent":"Mozilla/5.0 (Macintosh; Intel Mac OS X 10.15; rv:145.0) Gecko/20100101 Firefox/145.0","userId":"anonymous","user":null}
[2025-11-16 12:55:35] [INFO] [REQUEST] Request completed | {"requestId":"unknown","method":"GET","url":"/theme","path":"/theme","statusCode":200,"duration":13,"durationCategory":"fast","contentLength":"893","userId":"anonymous","userRole":"none","user":null,"ip":"192.168.80.140"}
[2025-11-16 12:55:35] [INFO] [REQUEST] Request completed | {"requestId":"unknown","method":"GET","url":"/profile","path":"/profile","statusCode":200,"duration":20,"durationCategory":"fast","contentLength":"378","userId":"cmhtexnb800008c275jyqkbyc","userRole":"ADMIN","user":{"id":"cmhtexnb800008c275jyqkbyc","email":"admin@eventmanager.com","role":"ADMIN"},"ip":"192.168.80.140"}
[2025-11-16 12:55:35] [INFO] [REQUEST] Request started | {"requestId":"unknown","method":"GET","url":"/api/settings/theme","path":"/api/settings/theme","query":{},"ip":"192.168.80.140","userAgent":"Mozilla/5.0 (Macintosh; Intel Mac OS X 10.15; rv:145.0) Gecko/20100101 Firefox/145.0","userId":"anonymous","user":null}
[2025-11-16 12:55:36] [INFO] [REQUEST] Request completed | {"requestId":"unknown","method":"GET","url":"/theme","path":"/theme","statusCode":200,"duration":10,"durationCategory":"fast","contentLength":"893","userId":"anonymous","userRole":"none","user":null,"ip":"192.168.80.140"}
[2025-11-16 12:55:36] [INFO] [REQUEST] Request started | {"requestId":"unknown","method":"GET","url":"/api/auth/profile","path":"/api/auth/profile","query":{},"ip":"192.168.80.140","userAgent":"Mozilla/5.0 (Macintosh; Intel Mac OS X 10.15; rv:145.0) Gecko/20100101 Firefox/145.0","userId":"anonymous","user":null}
[2025-11-16 12:55:36] [INFO] [REQUEST] Request completed | {"requestId":"unknown","method":"GET","url":"/profile","path":"/profile","statusCode":200,"duration":10,"durationCategory":"fast","contentLength":"378","userId":"cmhtexnb800008c275jyqkbyc","userRole":"ADMIN","user":{"id":"cmhtexnb800008c275jyqkbyc","email":"admin@eventmanager.com","role":"ADMIN"},"ip":"192.168.80.140"}
[2025-11-16 12:55:36] [INFO] [REQUEST] Request started | {"requestId":"unknown","method":"GET","url":"/api/admin/stats","path":"/api/admin/stats","query":{},"ip":"192.168.80.140","userAgent":"Mozilla/5.0 (Macintosh; Intel Mac OS X 10.15; rv:145.0) Gecko/20100101 Firefox/145.0","userId":"anonymous","user":null}
[2025-11-16 12:55:36] [INFO] [REQUEST] Request started | {"requestId":"unknown","method":"GET","url":"/api/admin/logs","path":"/api/admin/logs","query":{},"ip":"192.168.80.140","userAgent":"Mozilla/5.0 (Macintosh; Intel Mac OS X 10.15; rv:145.0) Gecko/20100101 Firefox/145.0","userId":"anonymous","user":null}
[2025-11-16 12:55:36] [INFO] [REQUEST] Request completed | {"requestId":"unknown","method":"GET","url":"/stats","path":"/stats","statusCode":200,"duration":33,"durationCategory":"fast","contentLength":"411","userId":"cmhtexnb800008c275jyqkbyc","userRole":"ADMIN","user":{"id":"cmhtexnb800008c275jyqkbyc","email":"admin@eventmanager.com","role":"ADMIN"},"ip":"192.168.80.140"}
[2025-11-16 12:55:36] [INFO] [REQUEST] Request completed | {"requestId":"unknown","method":"GET","url":"/logs","path":"/logs","statusCode":200,"duration":48,"durationCategory":"fast","contentLength":0,"userId":"cmhtexnb800008c275jyqkbyc","userRole":"ADMIN","user":{"id":"cmhtexnb800008c275jyqkbyc","email":"admin@eventmanager.com","role":"ADMIN"},"ip":"192.168.80.140"}
[2025-11-16 12:58:54] [INFO] [REQUEST] Request started | {"requestId":"unknown","method":"GET","url":"/api/settings/theme","path":"/api/settings/theme","query":{},"ip":"192.168.80.140","userAgent":"Mozilla/5.0 (Macintosh; Intel Mac OS X 10.15; rv:145.0) Gecko/20100101 Firefox/145.0","userId":"anonymous","user":null}
[2025-11-16 12:58:54] [INFO] [REQUEST] Request started | {"requestId":"unknown","method":"GET","url":"/api/auth/profile","path":"/api/auth/profile","query":{},"ip":"192.168.80.140","userAgent":"Mozilla/5.0 (Macintosh; Intel Mac OS X 10.15; rv:145.0) Gecko/20100101 Firefox/145.0","userId":"anonymous","user":null}
[2025-11-16 12:58:54] [INFO] [REQUEST] Request started | {"requestId":"unknown","method":"GET","url":"/api/auth/profile","path":"/api/auth/profile","query":{},"ip":"192.168.80.140","userAgent":"Mozilla/5.0 (Macintosh; Intel Mac OS X 10.15; rv:145.0) Gecko/20100101 Firefox/145.0","userId":"anonymous","user":null}
[2025-11-16 12:58:54] [INFO] [REQUEST] Request started | {"requestId":"unknown","method":"GET","url":"/api/settings/theme","path":"/api/settings/theme","query":{},"ip":"192.168.80.140","userAgent":"Mozilla/5.0 (Macintosh; Intel Mac OS X 10.15; rv:145.0) Gecko/20100101 Firefox/145.0","userId":"anonymous","user":null}
[2025-11-16 12:58:54] [INFO] [REQUEST] Request completed | {"requestId":"unknown","method":"GET","url":"/theme","path":"/theme","statusCode":200,"duration":23,"durationCategory":"fast","contentLength":"893","userId":"anonymous","userRole":"none","user":null,"ip":"192.168.80.140"}
[2025-11-16 12:58:54] [INFO] [REQUEST] Request completed | {"requestId":"unknown","method":"GET","url":"/profile","path":"/profile","statusCode":200,"duration":21,"durationCategory":"fast","contentLength":"378","userId":"cmhtexnb800008c275jyqkbyc","userRole":"ADMIN","user":{"id":"cmhtexnb800008c275jyqkbyc","email":"admin@eventmanager.com","role":"ADMIN"},"ip":"192.168.80.140"}
[2025-11-16 12:58:54] [INFO] [REQUEST] Request completed | {"requestId":"unknown","method":"GET","url":"/profile","path":"/profile","statusCode":200,"duration":28,"durationCategory":"fast","contentLength":"378","userId":"cmhtexnb800008c275jyqkbyc","userRole":"ADMIN","user":{"id":"cmhtexnb800008c275jyqkbyc","email":"admin@eventmanager.com","role":"ADMIN"},"ip":"192.168.80.140"}
[2025-11-16 12:58:54] [INFO] [REQUEST] Request completed | {"requestId":"unknown","method":"GET","url":"/theme","path":"/theme","statusCode":200,"duration":30,"durationCategory":"fast","contentLength":"893","userId":"anonymous","userRole":"none","user":null,"ip":"192.168.80.140"}
[2025-11-16 12:59:03] [INFO] [REQUEST] Request started | {"requestId":"unknown","method":"GET","url":"/api/auth/profile","path":"/api/auth/profile","query":{},"ip":"192.168.80.140","userAgent":"Mozilla/5.0 (Macintosh; Intel Mac OS X 10.15; rv:145.0) Gecko/20100101 Firefox/145.0","userId":"anonymous","user":null}
[2025-11-16 12:59:03] [INFO] [REQUEST] Request started | {"requestId":"unknown","method":"GET","url":"/api/auth/profile","path":"/api/auth/profile","query":{},"ip":"192.168.80.140","userAgent":"Mozilla/5.0 (Macintosh; Intel Mac OS X 10.15; rv:145.0) Gecko/20100101 Firefox/145.0","userId":"anonymous","user":null}
[2025-11-16 12:59:03] [INFO] [REQUEST] Request started | {"requestId":"unknown","method":"GET","url":"/api/settings/theme","path":"/api/settings/theme","query":{},"ip":"192.168.80.140","userAgent":"Mozilla/5.0 (Macintosh; Intel Mac OS X 10.15; rv:145.0) Gecko/20100101 Firefox/145.0","userId":"anonymous","user":null}
[2025-11-16 12:59:03] [INFO] [REQUEST] Request started | {"requestId":"unknown","method":"GET","url":"/api/settings/theme","path":"/api/settings/theme","query":{},"ip":"192.168.80.140","userAgent":"Mozilla/5.0 (Macintosh; Intel Mac OS X 10.15; rv:145.0) Gecko/20100101 Firefox/145.0","userId":"anonymous","user":null}
[2025-11-16 12:59:03] [INFO] [REQUEST] Request completed | {"requestId":"unknown","method":"GET","url":"/theme","path":"/theme","statusCode":200,"duration":14,"durationCategory":"fast","contentLength":"893","userId":"anonymous","userRole":"none","user":null,"ip":"192.168.80.140"}
[2025-11-16 12:59:03] [INFO] [REQUEST] Request completed | {"requestId":"unknown","method":"GET","url":"/profile","path":"/profile","statusCode":200,"duration":24,"durationCategory":"fast","contentLength":"378","userId":"cmhtexnb800008c275jyqkbyc","userRole":"ADMIN","user":{"id":"cmhtexnb800008c275jyqkbyc","email":"admin@eventmanager.com","role":"ADMIN"},"ip":"192.168.80.140"}
[2025-11-16 12:59:03] [INFO] [REQUEST] Request completed | {"requestId":"unknown","method":"GET","url":"/profile","path":"/profile","statusCode":200,"duration":22,"durationCategory":"fast","contentLength":"378","userId":"cmhtexnb800008c275jyqkbyc","userRole":"ADMIN","user":{"id":"cmhtexnb800008c275jyqkbyc","email":"admin@eventmanager.com","role":"ADMIN"},"ip":"192.168.80.140"}
[2025-11-16 12:59:03] [INFO] [REQUEST] Request completed | {"requestId":"unknown","method":"GET","url":"/theme","path":"/theme","statusCode":200,"duration":20,"durationCategory":"fast","contentLength":"893","userId":"anonymous","userRole":"none","user":null,"ip":"192.168.80.140"}
[2025-11-16 12:59:06] [INFO] [REQUEST] Request started | {"requestId":"unknown","method":"GET","url":"/api/auth/profile","path":"/api/auth/profile","query":{},"ip":"192.168.80.140","userAgent":"Mozilla/5.0 (Macintosh; Intel Mac OS X 10.15; rv:145.0) Gecko/20100101 Firefox/145.0","userId":"anonymous","user":null}
[2025-11-16 12:59:06] [INFO] [REQUEST] Request started | {"requestId":"unknown","method":"GET","url":"/api/settings/theme","path":"/api/settings/theme","query":{},"ip":"192.168.80.140","userAgent":"Mozilla/5.0 (Macintosh; Intel Mac OS X 10.15; rv:145.0) Gecko/20100101 Firefox/145.0","userId":"anonymous","user":null}
[2025-11-16 12:59:06] [INFO] [REQUEST] Request started | {"requestId":"unknown","method":"GET","url":"/api/auth/profile","path":"/api/auth/profile","query":{},"ip":"192.168.80.140","userAgent":"Mozilla/5.0 (Macintosh; Intel Mac OS X 10.15; rv:145.0) Gecko/20100101 Firefox/145.0","userId":"anonymous","user":null}
[2025-11-16 12:59:06] [INFO] [REQUEST] Request completed | {"requestId":"unknown","method":"GET","url":"/profile","path":"/profile","statusCode":200,"duration":23,"durationCategory":"fast","contentLength":"378","userId":"cmhtexnb800008c275jyqkbyc","userRole":"ADMIN","user":{"id":"cmhtexnb800008c275jyqkbyc","email":"admin@eventmanager.com","role":"ADMIN"},"ip":"192.168.80.140"}
[2025-11-16 12:59:06] [INFO] [REQUEST] Request started | {"requestId":"unknown","method":"GET","url":"/api/settings/theme","path":"/api/settings/theme","query":{},"ip":"192.168.80.140","userAgent":"Mozilla/5.0 (Macintosh; Intel Mac OS X 10.15; rv:145.0) Gecko/20100101 Firefox/145.0","userId":"anonymous","user":null}
[2025-11-16 12:59:06] [INFO] [REQUEST] Request completed | {"requestId":"unknown","method":"GET","url":"/theme","path":"/theme","statusCode":200,"duration":28,"durationCategory":"fast","contentLength":"893","userId":"anonymous","userRole":"none","user":null,"ip":"192.168.80.140"}
[2025-11-16 12:59:06] [INFO] [REQUEST] Request completed | {"requestId":"unknown","method":"GET","url":"/profile","path":"/profile","statusCode":200,"duration":33,"durationCategory":"fast","contentLength":"378","userId":"cmhtexnb800008c275jyqkbyc","userRole":"ADMIN","user":{"id":"cmhtexnb800008c275jyqkbyc","email":"admin@eventmanager.com","role":"ADMIN"},"ip":"192.168.80.140"}
[2025-11-16 12:59:06] [INFO] [REQUEST] Request completed | {"requestId":"unknown","method":"GET","url":"/theme","path":"/theme","statusCode":200,"duration":21,"durationCategory":"fast","contentLength":"893","userId":"anonymous","userRole":"none","user":null,"ip":"192.168.80.140"}
[2025-11-16 12:59:06] [INFO] [REQUEST] Request started | {"requestId":"unknown","method":"GET","url":"/api/tenant","path":"/api/tenant","query":{},"ip":"192.168.80.140","userAgent":"Mozilla/5.0 (Macintosh; Intel Mac OS X 10.15; rv:145.0) Gecko/20100101 Firefox/145.0","userId":"anonymous","user":null}
[2025-11-16 12:59:06] [INFO] [REQUEST] Request started | {"requestId":"unknown","method":"GET","url":"/api/tenant","path":"/api/tenant","query":{},"ip":"192.168.80.140","userAgent":"Mozilla/5.0 (Macintosh; Intel Mac OS X 10.15; rv:145.0) Gecko/20100101 Firefox/145.0","userId":"anonymous","user":null}
[2025-11-16 12:59:06] [WARN] [REQUEST] Request completed | {"requestId":"unknown","method":"GET","url":"/api/tenant","path":"/api/tenant","statusCode":404,"duration":15,"durationCategory":"fast","contentLength":"111","userId":"cmhtexnb800008c275jyqkbyc","userRole":"ADMIN","user":{"id":"cmhtexnb800008c275jyqkbyc","email":"admin@eventmanager.com","role":"ADMIN"},"ip":"192.168.80.140"}
[2025-11-16 12:59:06] [WARN] [REQUEST] Request completed | {"requestId":"unknown","method":"GET","url":"/api/tenant","path":"/api/tenant","statusCode":404,"duration":21,"durationCategory":"fast","contentLength":"111","userId":"cmhtexnb800008c275jyqkbyc","userRole":"ADMIN","user":{"id":"cmhtexnb800008c275jyqkbyc","email":"admin@eventmanager.com","role":"ADMIN"},"ip":"192.168.80.140"}
[2025-11-16 13:11:23] [INFO] [REQUEST] Request started | {"requestId":"unknown","method":"GET","url":"/api/auth/profile","path":"/api/auth/profile","query":{},"ip":"192.168.80.140","userAgent":"Mozilla/5.0 (Macintosh; Intel Mac OS X 10.15; rv:145.0) Gecko/20100101 Firefox/145.0","userId":"anonymous","user":null}
[2025-11-16 13:11:23] [INFO] [REQUEST] Request completed | {"requestId":"unknown","method":"GET","url":"/profile","path":"/profile","statusCode":200,"duration":48,"durationCategory":"fast","contentLength":"378","userId":"cmhtexnb800008c275jyqkbyc","userRole":"ADMIN","user":{"id":"cmhtexnb800008c275jyqkbyc","email":"admin@eventmanager.com","role":"ADMIN"},"ip":"192.168.80.140"}
[2025-11-16 13:11:48] [INFO] [REQUEST] Request started | {"requestId":"unknown","method":"GET","url":"/api/auth/profile","path":"/api/auth/profile","query":{},"ip":"192.168.80.140","userAgent":"Mozilla/5.0 (Macintosh; Intel Mac OS X 10.15; rv:145.0) Gecko/20100101 Firefox/145.0","userId":"anonymous","user":null}
[2025-11-16 13:11:48] [INFO] [REQUEST] Request completed | {"requestId":"unknown","method":"GET","url":"/profile","path":"/profile","statusCode":200,"duration":14,"durationCategory":"fast","contentLength":"378","userId":"cmhtexnb800008c275jyqkbyc","userRole":"ADMIN","user":{"id":"cmhtexnb800008c275jyqkbyc","email":"admin@eventmanager.com","role":"ADMIN"},"ip":"192.168.80.140"}
[2025-11-16 13:11:48] [INFO] [REQUEST] Request started | {"requestId":"unknown","method":"GET","url":"/api/auth/profile","path":"/api/auth/profile","query":{},"ip":"192.168.80.140","userAgent":"Mozilla/5.0 (Macintosh; Intel Mac OS X 10.15; rv:145.0) Gecko/20100101 Firefox/145.0","userId":"anonymous","user":null}
[2025-11-16 13:11:48] [INFO] [REQUEST] Request started | {"requestId":"unknown","method":"GET","url":"/api/settings/theme","path":"/api/settings/theme","query":{},"ip":"192.168.80.140","userAgent":"Mozilla/5.0 (Macintosh; Intel Mac OS X 10.15; rv:145.0) Gecko/20100101 Firefox/145.0","userId":"anonymous","user":null}
[2025-11-16 13:11:48] [INFO] [REQUEST] Request started | {"requestId":"unknown","method":"GET","url":"/api/settings/theme","path":"/api/settings/theme","query":{},"ip":"192.168.80.140","userAgent":"Mozilla/5.0 (Macintosh; Intel Mac OS X 10.15; rv:145.0) Gecko/20100101 Firefox/145.0","userId":"anonymous","user":null}
[2025-11-16 13:11:48] [INFO] [REQUEST] Request completed | {"requestId":"unknown","method":"GET","url":"/profile","path":"/profile","statusCode":200,"duration":25,"durationCategory":"fast","contentLength":"378","userId":"cmhtexnb800008c275jyqkbyc","userRole":"ADMIN","user":{"id":"cmhtexnb800008c275jyqkbyc","email":"admin@eventmanager.com","role":"ADMIN"},"ip":"192.168.80.140"}
[2025-11-16 13:11:48] [INFO] [REQUEST] Request started | {"requestId":"unknown","method":"GET","url":"/api/admin/stats","path":"/api/admin/stats","query":{},"ip":"192.168.80.140","userAgent":"Mozilla/5.0 (Macintosh; Intel Mac OS X 10.15; rv:145.0) Gecko/20100101 Firefox/145.0","userId":"anonymous","user":null}
[2025-11-16 13:11:48] [INFO] [REQUEST] Request started | {"requestId":"unknown","method":"GET","url":"/api/admin/logs","path":"/api/admin/logs","query":{},"ip":"192.168.80.140","userAgent":"Mozilla/5.0 (Macintosh; Intel Mac OS X 10.15; rv:145.0) Gecko/20100101 Firefox/145.0","userId":"anonymous","user":null}
[2025-11-16 13:11:48] [INFO] [REQUEST] Request completed | {"requestId":"unknown","method":"GET","url":"/theme","path":"/theme","statusCode":200,"duration":56,"durationCategory":"fast","contentLength":"893","userId":"anonymous","userRole":"none","user":null,"ip":"192.168.80.140"}
[2025-11-16 13:11:48] [INFO] [REQUEST] Request completed | {"requestId":"unknown","method":"GET","url":"/theme","path":"/theme","statusCode":200,"duration":67,"durationCategory":"fast","contentLength":"893","userId":"anonymous","userRole":"none","user":null,"ip":"192.168.80.140"}
[2025-11-16 13:11:48] [INFO] [REQUEST] Request completed | {"requestId":"unknown","method":"GET","url":"/stats","path":"/stats","statusCode":200,"duration":130,"durationCategory":"normal","contentLength":"411","userId":"cmhtexnb800008c275jyqkbyc","userRole":"ADMIN","user":{"id":"cmhtexnb800008c275jyqkbyc","email":"admin@eventmanager.com","role":"ADMIN"},"ip":"192.168.80.140"}
[2025-11-16 13:11:48] [INFO] [REQUEST] Request completed | {"requestId":"unknown","method":"GET","url":"/logs","path":"/logs","statusCode":200,"duration":138,"durationCategory":"normal","contentLength":0,"userId":"cmhtexnb800008c275jyqkbyc","userRole":"ADMIN","user":{"id":"cmhtexnb800008c275jyqkbyc","email":"admin@eventmanager.com","role":"ADMIN"},"ip":"192.168.80.140"}
[2025-11-16 13:11:57] [INFO] [REQUEST] Request started | {"requestId":"unknown","method":"GET","url":"/api/admin/stats","path":"/api/admin/stats","query":{},"ip":"192.168.80.140","userAgent":"Mozilla/5.0 (Macintosh; Intel Mac OS X 10.15; rv:145.0) Gecko/20100101 Firefox/145.0","userId":"anonymous","user":null}
[2025-11-16 13:11:57] [INFO] [REQUEST] Request started | {"requestId":"unknown","method":"GET","url":"/api/admin/logs","path":"/api/admin/logs","query":{},"ip":"192.168.80.140","userAgent":"Mozilla/5.0 (Macintosh; Intel Mac OS X 10.15; rv:145.0) Gecko/20100101 Firefox/145.0","userId":"anonymous","user":null}
[2025-11-16 13:11:57] [INFO] [REQUEST] Request completed | {"requestId":"unknown","method":"GET","url":"/stats","path":"/stats","statusCode":200,"duration":38,"durationCategory":"fast","contentLength":"411","userId":"cmhtexnb800008c275jyqkbyc","userRole":"ADMIN","user":{"id":"cmhtexnb800008c275jyqkbyc","email":"admin@eventmanager.com","role":"ADMIN"},"ip":"192.168.80.140"}
[2025-11-16 13:11:57] [INFO] [REQUEST] Request completed | {"requestId":"unknown","method":"GET","url":"/logs","path":"/logs","statusCode":200,"duration":62,"durationCategory":"fast","contentLength":0,"userId":"cmhtexnb800008c275jyqkbyc","userRole":"ADMIN","user":{"id":"cmhtexnb800008c275jyqkbyc","email":"admin@eventmanager.com","role":"ADMIN"},"ip":"192.168.80.140"}
[2025-11-16 13:12:11] [INFO] [REQUEST] Request started | {"requestId":"unknown","method":"GET","url":"/api/admin/stats","path":"/api/admin/stats","query":{},"ip":"192.168.80.140","userAgent":"Mozilla/5.0 (Macintosh; Intel Mac OS X 10.15; rv:145.0) Gecko/20100101 Firefox/145.0","userId":"anonymous","user":null}
[2025-11-16 13:12:11] [INFO] [REQUEST] Request started | {"requestId":"unknown","method":"GET","url":"/api/admin/logs","path":"/api/admin/logs","query":{},"ip":"192.168.80.140","userAgent":"Mozilla/5.0 (Macintosh; Intel Mac OS X 10.15; rv:145.0) Gecko/20100101 Firefox/145.0","userId":"anonymous","user":null}
[2025-11-16 13:12:11] [INFO] [REQUEST] Request completed | {"requestId":"unknown","method":"GET","url":"/logs","path":"/logs","statusCode":200,"duration":41,"durationCategory":"fast","contentLength":0,"userId":"cmhtexnb800008c275jyqkbyc","userRole":"ADMIN","user":{"id":"cmhtexnb800008c275jyqkbyc","email":"admin@eventmanager.com","role":"ADMIN"},"ip":"192.168.80.140"}
[2025-11-16 13:12:11] [INFO] [REQUEST] Request completed | {"requestId":"unknown","method":"GET","url":"/stats","path":"/stats","statusCode":200,"duration":49,"durationCategory":"fast","contentLength":"411","userId":"cmhtexnb800008c275jyqkbyc","userRole":"ADMIN","user":{"id":"cmhtexnb800008c275jyqkbyc","email":"admin@eventmanager.com","role":"ADMIN"},"ip":"192.168.80.140"}
[2025-11-16 13:12:16] [INFO] [REQUEST] Request started | {"requestId":"unknown","method":"GET","url":"/api/vendor/phpunit/phpunit/src/Util/PHP/eval-stdin.php","path":"/api/vendor/phpunit/phpunit/src/Util/PHP/eval-stdin.php","query":{},"ip":"192.168.80.140","userAgent":"libredtail-http","userId":"anonymous","user":null}
[2025-11-16 13:12:16] [WARN] [DEFAULT] Tenant not found: 107
[2025-11-16 13:12:16] [WARN] [REQUEST] Request completed | {"requestId":"unknown","method":"GET","url":"/vendor/phpunit/phpunit/src/Util/PHP/eval-stdin.php","path":"/vendor/phpunit/phpunit/src/Util/PHP/eval-stdin.php","statusCode":404,"duration":8,"durationCategory":"fast","contentLength":"101","userId":"anonymous","userRole":"none","user":null,"ip":"192.168.80.140"}
[2025-11-16 13:12:17] [INFO] [REQUEST] Request started | {"requestId":"unknown","method":"GET","url":"/api/admin/stats","path":"/api/admin/stats","query":{},"ip":"192.168.80.140","userAgent":"Mozilla/5.0 (Macintosh; Intel Mac OS X 10.15; rv:145.0) Gecko/20100101 Firefox/145.0","userId":"anonymous","user":null}
[2025-11-16 13:12:17] [INFO] [REQUEST] Request started | {"requestId":"unknown","method":"GET","url":"/api/admin/logs","path":"/api/admin/logs","query":{},"ip":"192.168.80.140","userAgent":"Mozilla/5.0 (Macintosh; Intel Mac OS X 10.15; rv:145.0) Gecko/20100101 Firefox/145.0","userId":"anonymous","user":null}
[2025-11-16 13:12:17] [INFO] [REQUEST] Request completed | {"requestId":"unknown","method":"GET","url":"/stats","path":"/stats","statusCode":200,"duration":47,"durationCategory":"fast","contentLength":"411","userId":"cmhtexnb800008c275jyqkbyc","userRole":"ADMIN","user":{"id":"cmhtexnb800008c275jyqkbyc","email":"admin@eventmanager.com","role":"ADMIN"},"ip":"192.168.80.140"}
[2025-11-16 13:12:17] [INFO] [REQUEST] Request completed | {"requestId":"unknown","method":"GET","url":"/logs","path":"/logs","statusCode":200,"duration":71,"durationCategory":"fast","contentLength":0,"userId":"cmhtexnb800008c275jyqkbyc","userRole":"ADMIN","user":{"id":"cmhtexnb800008c275jyqkbyc","email":"admin@eventmanager.com","role":"ADMIN"},"ip":"192.168.80.140"}
[2025-11-16 13:12:18] [INFO] [REQUEST] Request started | {"requestId":"unknown","method":"GET","url":"/api-docs","path":"/api-docs","query":{},"ip":"192.168.80.140","userAgent":"Mozilla/5.0 (Macintosh; Intel Mac OS X 10.15; rv:145.0) Gecko/20100101 Firefox/145.0","userId":"anonymous","user":null}
[2025-11-16 13:12:18] [INFO] [REQUEST] Request completed | {"requestId":"unknown","method":"GET","url":"/","path":"/","statusCode":301,"duration":5,"durationCategory":"fast","contentLength":158,"userId":"anonymous","userRole":"none","user":null,"ip":"192.168.80.140"}
[2025-11-16 13:12:18] [INFO] [REQUEST] Request started | {"requestId":"unknown","method":"GET","url":"/api-docs/","path":"/api-docs/","query":{},"ip":"192.168.80.140","userAgent":"Mozilla/5.0 (Macintosh; Intel Mac OS X 10.15; rv:145.0) Gecko/20100101 Firefox/145.0","userId":"anonymous","user":null}
[2025-11-16 13:12:18] [INFO] [REQUEST] Request completed | {"requestId":"unknown","method":"GET","url":"/api-docs/","path":"/api-docs/","statusCode":200,"duration":6,"durationCategory":"fast","contentLength":0,"userId":"anonymous","userRole":"none","user":null,"ip":"192.168.80.140"}
[2025-11-16 13:12:18] [INFO] [REQUEST] Request started | {"requestId":"unknown","method":"GET","url":"/api-docs/swagger-ui.css","path":"/api-docs/swagger-ui.css","query":{},"ip":"192.168.80.140","userAgent":"Mozilla/5.0 (Macintosh; Intel Mac OS X 10.15; rv:145.0) Gecko/20100101 Firefox/145.0","userId":"anonymous","user":null}
[2025-11-16 13:12:18] [INFO] [REQUEST] Request started | {"requestId":"unknown","method":"GET","url":"/api-docs/swagger-ui-init.js","path":"/api-docs/swagger-ui-init.js","query":{},"ip":"192.168.80.140","userAgent":"Mozilla/5.0 (Macintosh; Intel Mac OS X 10.15; rv:145.0) Gecko/20100101 Firefox/145.0","userId":"anonymous","user":null}
[2025-11-16 13:12:18] [INFO] [REQUEST] Request started | {"requestId":"unknown","method":"GET","url":"/api-docs/swagger-ui-bundle.js","path":"/api-docs/swagger-ui-bundle.js","query":{},"ip":"192.168.80.140","userAgent":"Mozilla/5.0 (Macintosh; Intel Mac OS X 10.15; rv:145.0) Gecko/20100101 Firefox/145.0","userId":"anonymous","user":null}
[2025-11-16 13:12:18] [INFO] [REQUEST] Request started | {"requestId":"unknown","method":"GET","url":"/api-docs/swagger-ui-standalone-preset.js","path":"/api-docs/swagger-ui-standalone-preset.js","query":{},"ip":"192.168.80.140","userAgent":"Mozilla/5.0 (Macintosh; Intel Mac OS X 10.15; rv:145.0) Gecko/20100101 Firefox/145.0","userId":"anonymous","user":null}
[2025-11-16 13:12:18] [INFO] [REQUEST] Request completed | {"requestId":"unknown","method":"GET","url":"/swagger-ui-init.js","path":"/swagger-ui-init.js","statusCode":200,"duration":37,"durationCategory":"fast","contentLength":0,"userId":"anonymous","userRole":"none","user":null,"ip":"192.168.80.140"}
[2025-11-16 13:12:18] [INFO] [REQUEST] Request completed | {"requestId":"unknown","method":"GET","url":"/swagger-ui.css","path":"/swagger-ui.css","statusCode":200,"duration":113,"durationCategory":"normal","contentLength":0,"userId":"anonymous","userRole":"none","user":null,"ip":"192.168.80.140"}
[2025-11-16 13:12:18] [INFO] [REQUEST] Request completed | {"requestId":"unknown","method":"GET","url":"/swagger-ui-standalone-preset.js","path":"/swagger-ui-standalone-preset.js","statusCode":200,"duration":91,"durationCategory":"fast","contentLength":0,"userId":"anonymous","userRole":"none","user":null,"ip":"192.168.80.140"}
[2025-11-16 13:12:18] [INFO] [REQUEST] Request completed | {"requestId":"unknown","method":"GET","url":"/swagger-ui-bundle.js","path":"/swagger-ui-bundle.js","statusCode":200,"duration":182,"durationCategory":"normal","contentLength":0,"userId":"anonymous","userRole":"none","user":null,"ip":"192.168.80.140"}
[2025-11-16 13:12:32] [INFO] [DEFAULT] SIGTERM received, shutting down gracefully...
[2025-11-16 13:12:32] [INFO] [BACKUP] Scheduled backup service stopped
[2025-11-16 13:12:36] [INFO] [QUEUESERVICE] Worker created | {"queue":"app-events","concurrency":5}
[2025-11-16 13:12:36] [INFO] [DEFAULT] Configuration validation passed
[2025-11-16 13:12:36] [INFO] [DEFAULT] Allowed origins: http://localhost:3000, http://localhost:3001, https://conmgr.com, http://conmgr.com, http://192.168.80.246
[2025-11-16 13:12:36] [INFO] [DEFAULT] Frontend static files serving enabled
[2025-11-16 13:12:36] [INFO] [DEFAULT] Swagger UI available at /api-docs
[2025-11-16 13:12:36] [INFO] [EVENTBUSSERVICE] Event bus worker initialized
[2025-11-16 13:12:36] [INFO] [METRICS] Metrics service initialized
[2025-11-16 13:12:36] [INFO] [RATE-LIMIT] Redis connected for rate limiting
[2025-11-16 13:12:36] [INFO] [QUEUESERVICE] Redis connected
[2025-11-16 13:12:37] [INFO] [DEFAULT] 🚀 Event Manager API server running on port 3000
[2025-11-16 13:12:37] [INFO] [DEFAULT] 🔒 CORS: configured
[2025-11-16 13:12:37] [INFO] [DEFAULT] 📝 Environment: production
[2025-11-16 13:12:37] [INFO] [BACKUP] Scheduled backup service started
[2025-11-16 13:12:44] [INFO] [REQUEST] Request started | {"requestId":"unknown","method":"GET","url":"/api/auth/profile","path":"/api/auth/profile","query":{},"ip":"192.168.80.140","userAgent":"Mozilla/5.0 (Macintosh; Intel Mac OS X 10.15; rv:145.0) Gecko/20100101 Firefox/145.0","userId":"anonymous","user":null}
[2025-11-16 13:12:44] [INFO] [REQUEST] Request started | {"requestId":"unknown","method":"GET","url":"/api/auth/profile","path":"/api/auth/profile","query":{},"ip":"192.168.80.140","userAgent":"Mozilla/5.0 (Macintosh; Intel Mac OS X 10.15; rv:145.0) Gecko/20100101 Firefox/145.0","userId":"anonymous","user":null}
[2025-11-16 13:12:44] [INFO] [REQUEST] Request started | {"requestId":"unknown","method":"GET","url":"/api/settings/theme","path":"/api/settings/theme","query":{},"ip":"192.168.80.140","userAgent":"Mozilla/5.0 (Macintosh; Intel Mac OS X 10.15; rv:145.0) Gecko/20100101 Firefox/145.0","userId":"anonymous","user":null}
[2025-11-16 13:12:44] [INFO] [REQUEST] Request started | {"requestId":"unknown","method":"GET","url":"/api/settings/theme","path":"/api/settings/theme","query":{},"ip":"192.168.80.140","userAgent":"Mozilla/5.0 (Macintosh; Intel Mac OS X 10.15; rv:145.0) Gecko/20100101 Firefox/145.0","userId":"anonymous","user":null}
[2025-11-16 13:12:44] [INFO] [REQUEST] Request completed | {"requestId":"unknown","method":"GET","url":"/theme","path":"/theme","statusCode":200,"duration":33,"durationCategory":"fast","contentLength":"893","userId":"anonymous","userRole":"none","user":null,"ip":"192.168.80.140"}
[2025-11-16 13:12:44] [INFO] [REQUEST] Request completed | {"requestId":"unknown","method":"GET","url":"/theme","path":"/theme","statusCode":200,"duration":64,"durationCategory":"fast","contentLength":"893","userId":"anonymous","userRole":"none","user":null,"ip":"192.168.80.140"}
[2025-11-16 13:12:44] [INFO] [REQUEST] Request completed | {"requestId":"unknown","method":"GET","url":"/profile","path":"/profile","statusCode":200,"duration":165,"durationCategory":"normal","contentLength":"378","userId":"cmhtexnb800008c275jyqkbyc","userRole":"ADMIN","user":{"id":"cmhtexnb800008c275jyqkbyc","email":"admin@eventmanager.com","role":"ADMIN"},"ip":"192.168.80.140"}
[2025-11-16 13:12:45] [INFO] [REQUEST] Request completed | {"requestId":"unknown","method":"GET","url":"/profile","path":"/profile","statusCode":200,"duration":183,"durationCategory":"normal","contentLength":"378","userId":"cmhtexnb800008c275jyqkbyc","userRole":"ADMIN","user":{"id":"cmhtexnb800008c275jyqkbyc","email":"admin@eventmanager.com","role":"ADMIN"},"ip":"192.168.80.140"}
[2025-11-16 13:12:50] [INFO] [REQUEST] Request started | {"requestId":"unknown","method":"GET","url":"/health","path":"/health","query":{},"ip":"::1","userAgent":"curl/8.5.0","userId":"anonymous","user":null}
[2025-11-16 13:12:50] [INFO] [REQUEST] Request completed | {"requestId":"unknown","method":"GET","url":"/health","path":"/health","statusCode":200,"duration":9,"durationCategory":"fast","contentLength":"99","userId":"anonymous","userRole":"none","user":null,"ip":"::1"}
[2025-11-16 13:32:16] [INFO] [REQUEST] Request started | {"requestId":"unknown","method":"GET","url":"/api/vendor/phpunit/phpunit/src/Util/PHP/eval-stdin.php","path":"/api/vendor/phpunit/phpunit/src/Util/PHP/eval-stdin.php","query":{},"ip":"192.168.80.140","userAgent":"libredtail-http","userId":"anonymous","user":null}
[2025-11-16 13:32:16] [WARN] [DEFAULT] Tenant not found: 107
[2025-11-16 13:32:16] [WARN] [REQUEST] Request completed | {"requestId":"unknown","method":"GET","url":"/vendor/phpunit/phpunit/src/Util/PHP/eval-stdin.php","path":"/vendor/phpunit/phpunit/src/Util/PHP/eval-stdin.php","statusCode":404,"duration":52,"durationCategory":"fast","contentLength":"101","userId":"anonymous","userRole":"none","user":null,"ip":"192.168.80.140"}
[2025-11-16 14:28:56] [INFO] [REQUEST] Request started | {"requestId":"unknown","method":"GET","url":"/api/.env","path":"/api/.env","query":{},"ip":"192.168.80.140","userAgent":"Mozilla/5.0 (Android 5.0.2; Tablet; rv:41.0) Gecko/41.0 Firefox/41.0","userId":"anonymous","user":null}
[2025-11-16 14:28:56] [WARN] [DEFAULT] Tenant not found: 107
[2025-11-16 14:28:56] [WARN] [REQUEST] Request completed | {"requestId":"unknown","method":"GET","url":"/.env","path":"/.env","statusCode":404,"duration":43,"durationCategory":"fast","contentLength":"101","userId":"anonymous","userRole":"none","user":null,"ip":"192.168.80.140"}
